#
# A fatal error has been detected by the Java Runtime Environment:
#
#  Internal Error (generateOopMap.cpp:2165), pid=1205159, tid=1205167
#  fatal error: Illegal class file encountered. Try running with -Xverify:all in method join
#
# JRE version: OpenJDK Runtime Environment (21.0.1+12) (build 21.0.1+12-Ubuntu-222.04)
# Java VM: OpenJDK 64-Bit Server VM (21.0.1+12-Ubuntu-222.04, mixed mode, tiered, compressed oops, compressed class ptrs, g1 gc, linux-amd64)
# Problematic frame:
# V  [libjvm.so+0x86c398]  GenerateOopMap::error_work(char const*, __va_list_tag*)+0xe8
#
# Core dump will be written. Default location: Core dumps may be processed with "/usr/share/apport/apport -p%p -s%s -c%c -d%d -P%P -u%u -g%g -- %E" (or dumping to /home/aoli/repos/sfuzz/examples/core.1205159)
#
# If you would like to submit a bug report, please visit:
#   Unknown
#

---------------  S U M M A R Y ------------

Command Line: -agentpath:/home/aoli/repos/sfuzz/jvmti/build/cmake/native_release/linux-amd64/cpp/libjvmti.so -javaagent:/home/aoli/repos/sfuzz/core/build/libs/core-1.0-SNAPSHOT.jar -agentlib:jdwp=transport=dt_socket,server=n,suspend=y,address=127.0.0.1:43111 -Dfile.encoding=US-ASCII -Duser.country=US -Duser.language=en -Duser.variant example.Main

Host: 11th Gen Intel(R) Core(TM) i9-11900 @ 2.50GHz, 16 cores, 31G, Ubuntu 22.04.4 LTS
Time: Mon Feb 26 18:18:11 2024 EST elapsed time: 1.510263 seconds (0d 0h 0m 1s)

---------------  T H R E A D  ---------------

Current thread (0x00007f87b016e130):  VMThread "VM Thread"          [id=1205167, stack(0x00007f877ee14000,0x00007f877ef14000) (1024K)]

Stack: [0x00007f877ee14000,0x00007f877ef14000],  sp=0x00007f877ef11d80,  free space=1015k
Native frames: (J=compiled Java code, j=interpreted, Vv=VM code, C=native code)
V  [libjvm.so+0x86c398]  GenerateOopMap::error_work(char const*, __va_list_tag*)+0xe8  (generateOopMap.cpp:2165)
V  [libjvm.so+0x86c43b]  GenerateOopMap::report_error(char const*, ...) [clone .constprop.0]+0x8b
V  [libjvm.so+0x86e391]  GenerateOopMap::do_monitorexit(int)+0x271
V  [libjvm.so+0x8723ff]  GenerateOopMap::interp_bb(BasicBlock*)+0x1ff
V  [libjvm.so+0x87345e]  GenerateOopMap::do_interpretation()+0xde
V  [libjvm.so+0x8736a1]  GenerateOopMap::compute_map(Thread*)+0x1e1
V  [libjvm.so+0xcc81d5]  OopMapForCacheEntry::compute_map(Thread*)+0x95
V  [libjvm.so+0xcc8d5f]  OopMapCacheEntry::fill(methodHandle const&, int)+0xcf
V  [libjvm.so+0xcc930b]  OopMapCache::compute_one_oop_map(methodHandle const&, int, InterpreterOopMap*)+0x6b
V  [libjvm.so+0xc611ce]  Method::mask_for(int, InterpreterOopMap*)+0xbe
V  [libjvm.so+0xfdf473]  interpretedVFrame::stack_data(bool) const+0x53
V  [libjvm.so+0xb07588]  VM_BaseGetOrSetLocal::check_slot_type_no_lvt(javaVFrame*)+0x48
V  [libjvm.so+0xb077ac]  VM_BaseGetOrSetLocal::doit()+0x1bc
V  [libjvm.so+0xff693c]  VM_Operation::evaluate()+0xfc
V  [libjvm.so+0xff8e77]  VMThread::evaluate_operation(VM_Operation*)+0xc7
V  [libjvm.so+0xff9aab]  VMThread::inner_execute(VM_Operation*)+0x33b
V  [libjvm.so+0xff9da7]  VMThread::run()+0xb7
V  [libjvm.so+0xf62977]  Thread::call_run()+0xa7
V  [libjvm.so+0xcdb7b2]  thread_native_entry(Thread*)+0xe2
Registers:
RAX=0x00007f87b620e000, RBX=0x00007f877ef124b0, RCX=0x00007f87b5941386, RDX=0x0000000000000875
RSP=0x00007f877ef11d80, RBP=0x00007f877ef121a0, RSI=0x00007f87b5940fe0, RDI=0x00000000e0000000
R8 =0x00007f877ef11f80, R9 =0x00007f877ef11bf0, R10=0x0000000000000000, R11=0x0000000000000000
R12=0x00007f87b016e130, R13=0x00007f877ef11f80, R14=0x00000000000000c3, R15=0x00000000000000c3
RIP=0x00007f87b506c398, EFLAGS=0x0000000000010246, CSGSFS=0x002b000000000033, ERR=0x0000000000000006
  TRAPNO=0x000000000000000e


Register to memory mapping:

RAX=0x00007f87b620e000 points into unknown readable memory: 0x0000000000000058 | 58 00 00 00 00 00 00 00
RBX=0x00007f877ef124b0 points into unknown readable memory: 0x00007f87b5bd7ac0 | c0 7a bd b5 87 7f 00 00
RCX=0x00007f87b5941386: <offset 0x0000000001141386> in /home/aoli/repos/sfuzz/jdk/build/jdk/lib/server/libjvm.so at 0x00007f87b4800000
RDX=0x0000000000000875 is an unknown value
RSP=0x00007f877ef11d80 points into unknown readable memory: 0x206c6167656c6c49 | 49 6c 6c 65 67 61 6c 20
RBP=0x00007f877ef121a0 points into unknown readable memory: 0x00007f877ef12280 | 80 22 f1 7e 87 7f 00 00
RSI=0x00007f87b5940fe0: <offset 0x0000000001140fe0> in /home/aoli/repos/sfuzz/jdk/build/jdk/lib/server/libjvm.so at 0x00007f87b4800000
RDI=0x00000000e0000000 is an unknown value
R8 =0x00007f877ef11f80 points into unknown readable memory: 0x206c6167656c6c49 | 49 6c 6c 65 67 61 6c 20
R9 =0x00007f877ef11bf0 points into unknown readable memory: 0x0000000000000000 | 00 00 00 00 00 00 00 00
R10=0x0 is null
R11=0x0 is null
R12=0x00007f87b016e130 points into unknown readable memory: 0x00007f87b5c8ed70 | 70 ed c8 b5 87 7f 00 00
R13=0x00007f877ef11f80 points into unknown readable memory: 0x206c6167656c6c49 | 49 6c 6c 65 67 61 6c 20
R14=0x00000000000000c3 is an unknown value
R15=0x00000000000000c3 is an unknown value

Top of Stack: (sp=0x00007f877ef11d80)
0x00007f877ef11d80:   206c6167656c6c49 6966207373616c63
0x00007f877ef11d90:   756f636e6520656c 202e64657265746e
0x00007f877ef11da0:   6e6e757220797254 6874697720676e69
0x00007f877ef11db0:   6669726576582d20 0000006c6c613a79
0x00007f877ef11dc0:   00007f877ef11e00 00007f877ef124b0
0x00007f877ef11dd0:   00007f877ef124b0 00007f877ef11e00
0x00007f877ef11de0:   00007f877ef122b0 00007f87b506e68c
0x00007f877ef11df0:   0000000000000000 0000000100000000
0x00007f877ef11e00:   2fffffff2fffffff 0000000000000000
0x00007f877ef11e10:   00007f877f0a3b70 000000000000000b
0x00007f877ef11e20:   0000000000000000 00007f877ef11e70
0x00007f877ef11e30:   00007f8700000000 0000000000000003
0x00007f877ef11e40:   00007f877f0a3b70 0000000300000002
0x00007f877ef11e50:   0000000000000003 000000030000000b
0x00007f877ef11e60:   00007f877f096210 0000000000000000
0x00007f877ef11e70:   2fffffff4fffffff 000000002fffffff
0x00007f877ef11e80:   0000000000000000 0000000000000000
0x00007f877ef11e90:   6f4e202020202000 6168502079666974
0x00007f877ef11ea0:   656665526d6f746e 203a7365636e6572
0x00007f877ef11eb0:   3a6500736d302e30 0000736d302e3020
0x00007f877ef11ec0:   00007f877ef121f0 00007f87b5bddfd0
0x00007f877ef11ed0:   00007f877ef11e90 0000000000000040
0x00007f877ef11ee0:   0000000000000000 0000000000000002
0x00007f877ef11ef0:   00007f87b5cd71e0 00007f877ef11f90
0x00007f877ef11f00:   00007f87b5bddfd0 00007f87b593a1d3
0x00007f877ef11f10:   00007f8700000000 00007f877ef120f0
0x00007f877ef11f20:   00007f87b5975018 0000000040000000
0x00007f877ef11f30:   0000000000140000 0000000000000000
0x00007f877ef11f40:   00007f877ef12060 00007f87b54e857f
0x00007f877ef11f50:   00007f8764011320 00007f877ef120f0
0x00007f877ef11f60:   00007f87b5938007 0000003000000028
0x00007f877ef11f70:   00007f877ef12070 00007f877ef11f80 

Instructions: (pc=0x00007f87b506c398)
0x00007f87b506c298:   c7 43 20 00 00 00 00 48 c7 83 90 00 00 00 00 00
0x00007f87b506c2a8:   00 00 5b 41 5c 5d c3 90 f3 0f 1e fa 55 48 89 d1
0x00007f87b506c2b8:   48 89 f2 be 00 02 00 00 48 89 e5 41 55 41 54 4c
0x00007f87b506c2c8:   8d a5 e0 fb ff ff 4c 8d ad e0 fd ff ff 53 48 89
0x00007f87b506c2d8:   fb 48 81 ec 08 04 00 00 c6 47 30 01 4c 89 e7 e8
0x00007f87b506c2e8:   a4 84 47 00 48 8b 43 08 48 8b 40 08 0f b7 50 24
0x00007f87b506c2f8:   48 8b 40 08 48 8b 7c d0 48 e8 0a e9 69 00 4c 89
0x00007f87b506c308:   e1 4c 89 ef be 00 02 00 00 49 89 c0 48 8d 15 0a
0x00007f87b506c318:   51 8d 00 31 c0 e8 de 26 46 00 66 48 8d 3d 46 5c
0x00007f87b506c328:   c2 00 66 66 48 e8 5e a2 a2 ff 4c 8b 20 49 8b 04
0x00007f87b506c338:   24 4c 89 e7 ff 90 98 00 00 00 84 c0 74 2d 48 8d
0x00007f87b506c348:   05 73 3f c9 00 4c 89 ea 4c 89 e7 31 c9 48 8b b0
0x00007f87b506c358:   e8 04 00 00 e8 1f 45 f0 ff 48 89 43 38 48 81 c4
0x00007f87b506c368:   08 04 00 00 5b 41 5c 41 5d 5d c3 48 8d 05 f6 ac
0x00007f87b506c378:   c2 00 4d 89 e8 48 8d 0d 02 50 8d 00 ba 75 08 00
0x00007f87b506c388:   00 48 8d 35 50 4c 8d 00 bf 00 00 00 e0 48 8b 00
0x00007f87b506c398:   c6 00 58 31 c0 e8 5e aa e3 ff 66 66 2e 0f 1f 84
0x00007f87b506c3a8:   00 00 00 00 00 0f 1f 00 55 48 89 e5 48 81 ec d0
0x00007f87b506c3b8:   00 00 00 48 89 95 60 ff ff ff 48 89 8d 68 ff ff
0x00007f87b506c3c8:   ff 4c 89 85 70 ff ff ff 4c 89 8d 78 ff ff ff 84
0x00007f87b506c3d8:   c0 74 20 0f 29 45 80 0f 29 4d 90 0f 29 55 a0 0f
0x00007f87b506c3e8:   29 5d b0 0f 29 65 c0 0f 29 6d d0 0f 29 75 e0 0f
0x00007f87b506c3f8:   29 7d f0 48 8d 45 10 48 8d 95 38 ff ff ff c7 85
0x00007f87b506c408:   38 ff ff ff 10 00 00 00 48 89 85 40 ff ff ff 48
0x00007f87b506c418:   8d 35 1a 4c 8d 00 48 8d 85 50 ff ff ff c7 85 3c
0x00007f87b506c428:   ff ff ff 30 00 00 00 48 89 85 48 ff ff ff e8 75
0x00007f87b506c438:   fe ff ff c9 c3 90 66 90 f3 0f 1e fa 55 48 89 e5
0x00007f87b506c448:   41 54 53 48 85 f6 0f 84 ad 01 00 00 8b 47 58 8b
0x00007f87b506c458:   56 20 49 89 fc 48 89 f3 39 d0 74 44 85 d2 78 18
0x00007f87b506c468:   5b 48 8d 35 c8 4b 8d 00 41 5c 31 c0 5d e9 36 ff
0x00007f87b506c478:   ff ff 66 0f 1f 44 00 00 48 8b 57 48 48 8b 76 18
0x00007f87b506c488:   e8 33 f0 ff ff 41 8b 44 24 58 89 43 20 41 8b 44 


Stack slot to memory mapping:

stack at sp + 0 slots: 0x206c6167656c6c49 is an unknown value
stack at sp + 1 slots: 0x6966207373616c63 is an unknown value
stack at sp + 2 slots: 0x756f636e6520656c is an unknown value
stack at sp + 3 slots: 0x202e64657265746e is an unknown value
stack at sp + 4 slots: 0x6e6e757220797254 is an unknown value
stack at sp + 5 slots: 0x6874697720676e69 is an unknown value
stack at sp + 6 slots: 0x6669726576582d20 is an unknown value
stack at sp + 7 slots: 0x0000006c6c613a79 is an unknown value

VM_Operation (0x00007f877e340910): get/set locals, mode: safepoint, requested by thread 0x00007f87b03e6e60


---------------  P R O C E S S  ---------------

Threads class SMR info:
_java_thread_list=0x00007f87b089d910, length=17, elements={
0x00007f87b0019850, 0x00007f87b01e6350, 0x00007f87b01e7980, 0x00007f87b01f2330,
0x00007f87b01e8f60, 0x00007f87b01ea4c0, 0x00007f87b01ebf40, 0x00007f87b01ed600,
0x00007f87b0295460, 0x00007f87500881f0, 0x00007f87500a1c50, 0x00007f87b03e6e60,
0x00007f87b03cb960, 0x00007f874000c8e0, 0x00007f87b03ccbd0, 0x00007f874803d590,
0x00007f87b089c690
}

Java Threads: ( => current thread )
  0x00007f87b0019850 JavaThread "main"                              [_thread_blocked, id=1205160, stack(0x00007f87b4700000,0x00007f87b4800000) (1024K)]
  0x00007f87b01e6350 JavaThread "Reference Handler"          daemon [_thread_blocked, id=1205168, stack(0x00007f877ed13000,0x00007f877ee13000) (1024K)]
  0x00007f87b01e7980 JavaThread "Finalizer"                  daemon [_thread_blocked, id=1205169, stack(0x00007f877ec13000,0x00007f877ed13000) (1024K)]
  0x00007f87b01f2330 JavaThread "Signal Dispatcher"          daemon [_thread_blocked, id=1205170, stack(0x00007f877eb13000,0x00007f877ec13000) (1024K)]
  0x00007f87b01e8f60 JavaThread "Service Thread"             daemon [_thread_blocked, id=1205171, stack(0x00007f877ea13000,0x00007f877eb13000) (1024K)]
  0x00007f87b01ea4c0 JavaThread "Monitor Deflation Thread"   daemon [_thread_blocked, id=1205172, stack(0x00007f877e913000,0x00007f877ea13000) (1024K)]
  0x00007f87b01ebf40 JavaThread "C2 CompilerThread0"         daemon [_thread_blocked, id=1205173, stack(0x00007f877e813000,0x00007f877e913000) (1024K)]
  0x00007f87b01ed600 JavaThread "C1 CompilerThread0"         daemon [_thread_blocked, id=1205174, stack(0x00007f877e713000,0x00007f877e813000) (1024K)]
  0x00007f87b0295460 JavaThread "Common-Cleaner"             daemon [_thread_blocked, id=1205175, stack(0x00007f877e542000,0x00007f877e642000) (1024K)]
  0x00007f87500881f0 JavaThread "C1 CompilerThread1"         daemon [_thread_blocked, id=1205176, stack(0x00007f877e442000,0x00007f877e542000) (1024K)]
  0x00007f87500a1c50 JavaThread "C1 CompilerThread2"         daemon [_thread_blocked, id=1205177, stack(0x00007f877e342000,0x00007f877e442000) (1024K)]
  0x00007f87b03e6e60 JavaThread "JDWP Transport Listener: dt_socket" daemon [_thread_blocked, id=1205178, stack(0x00007f877e242000,0x00007f877e342000) (1024K)] _threads_hazard_ptr=0x00007f87b089d910
  0x00007f87b03cb960 JavaThread "JDWP Event Helper Thread"   daemon [_thread_blocked, id=1205180, stack(0x00007f877e142000,0x00007f877e242000) (1024K)]
  0x00007f874000c8e0 JavaThread "JDWP Command Reader"        daemon [_thread_in_native, id=1205182, stack(0x00007f877e042000,0x00007f877e142000) (1024K)]
  0x00007f87b03ccbd0 JavaThread "Notification Thread"        daemon [_thread_blocked, id=1205184, stack(0x00007f877df42000,0x00007f877e042000) (1024K)]
  0x00007f874803d590 JavaThread "C1 CompilerThread3"         daemon [_thread_blocked, id=1205201, stack(0x00007f877de42000,0x00007f877df42000) (1024K)]
  0x00007f87b089c690 JavaThread "Thread-0"                          [_thread_blocked, id=1205213, stack(0x00007f877d237000,0x00007f877d337000) (1024K)]
Total: 17

Other Threads:
=>0x00007f87b016e130 VMThread "VM Thread"                           [id=1205167, stack(0x00007f877ee14000,0x00007f877ef14000) (1024K)]
  0x00007f87b0109f50 WatcherThread "VM Periodic Task Thread"        [id=1205166, stack(0x00007f877ef15000,0x00007f877f015000) (1024K)]
  0x00007f87b0045aa0 WorkerThread "GC Thread#0"                     [id=1205161, stack(0x00007f878e291000,0x00007f878e391000) (1024K)]
  0x00007f8764008b40 WorkerThread "GC Thread#1"                     [id=1205202, stack(0x00007f877dd42000,0x00007f877de42000) (1024K)]
  0x00007f8764009620 WorkerThread "GC Thread#2"                     [id=1205203, stack(0x00007f877dc41000,0x00007f877dd41000) (1024K)]
  0x00007f876400a100 WorkerThread "GC Thread#3"                     [id=1205204, stack(0x00007f877db40000,0x00007f877dc40000) (1024K)]
  0x00007f876400abe0 WorkerThread "GC Thread#4"                     [id=1205205, stack(0x00007f877da3f000,0x00007f877db3f000) (1024K)]
  0x00007f876400b6c0 WorkerThread "GC Thread#5"                     [id=1205206, stack(0x00007f877d93e000,0x00007f877da3e000) (1024K)]
  0x00007f876400c1f0 WorkerThread "GC Thread#6"                     [id=1205207, stack(0x00007f877d83d000,0x00007f877d93d000) (1024K)]
  0x00007f876400cd20 WorkerThread "GC Thread#7"                     [id=1205208, stack(0x00007f877d73c000,0x00007f877d83c000) (1024K)]
  0x00007f876400d850 WorkerThread "GC Thread#8"                     [id=1205209, stack(0x00007f877d63b000,0x00007f877d73b000) (1024K)]
  0x00007f876400e380 WorkerThread "GC Thread#9"                     [id=1205210, stack(0x00007f877d53a000,0x00007f877d63a000) (1024K)]
  0x00007f876400eeb0 WorkerThread "GC Thread#10"                    [id=1205211, stack(0x00007f877d439000,0x00007f877d539000) (1024K)]
  0x00007f876400fdd0 WorkerThread "GC Thread#11"                    [id=1205212, stack(0x00007f877d338000,0x00007f877d438000) (1024K)]
  0x00007f87b0056960 ConcurrentGCThread "G1 Main Marker"            [id=1205162, stack(0x00007f878e190000,0x00007f878e290000) (1024K)]
  0x00007f87b0057900 WorkerThread "G1 Conc#0"                       [id=1205163, stack(0x00007f878e08f000,0x00007f878e18f000) (1024K)]
  0x00007f87b00f8b30 ConcurrentGCThread "G1 Refine#0"               [id=1205164, stack(0x00007f877f1f3000,0x00007f877f2f3000) (1024K)]
  0x00007f87b00f9ae0 ConcurrentGCThread "G1 Service"                [id=1205165, stack(0x00007f877f0f2000,0x00007f877f1f2000) (1024K)]
Total: 18

Threads with active compile tasks:
Total: 0

VM state: at safepoint (normal execution)

VM Mutex/Monitor currently owned by a thread:  ([mutex/lock_event])
[0x00007f87b5cf3660] Threads_lock - owner thread: 0x00007f87b016e130

Heap address: 0x000000060ec00000, size: 7956 MB, Compressed Oops mode: Zero based, Oop shift amount: 3

CDS archive(s) not mapped
Compressed class space mapped at: 0x0000000800000000-0x0000000840000000, reserved size: 1073741824
Narrow klass base: 0x0000000800000000, Narrow klass shift: 0, Narrow klass range: 0x40000000

GC Precious Log:
 CardTable entry size: 512
 Card Set container configuration: InlinePtr #cards 4 size 8 Array Of Cards #cards 32 size 80 Howl #buckets 8 coarsen threshold 7372 Howl Bitmap #cards 1024 size 144 coarsen threshold 921 Card regions per heap region 1 cards per card region 8192
 CPUs: 16 total, 16 available
 Memory: 31812M
 Large Page Support: Disabled
 NUMA Support: Disabled
 Compressed Oops: Enabled (Zero based)
 Heap Region Size: 4M
 Heap Min Capacity: 8M
 Heap Initial Capacity: 500M
 Heap Max Capacity: 7956M
 Pre-touch: Disabled
 Parallel Workers: 13
 Concurrent Workers: 3
 Concurrent Refinement Workers: 13
 Periodic GC: Disabled

Heap:
 garbage-first heap   total 512000K, used 10418K [0x000000060ec00000, 0x0000000800000000)
  region size 4096K, 4 young (16384K), 1 survivors (4096K)
 Metaspace       used 16655K, committed 16832K, reserved 1114112K
  class space    used 1597K, committed 1664K, reserved 1048576K

Heap Regions: E=young(eden), S=young(survivor), O=old, HS=humongous(starts), HC=humongous(continues), CS=collection set, F=free, TAMS=top-at-mark-start, PB=parsable bottom
|   0|0x000000060ec00000, 0x000000060ec00000, 0x000000060f000000|  0%| F|  |TAMS 0x000000060ec00000| PB 0x000000060ec00000| Untracked 
|   1|0x000000060f000000, 0x000000060f000000, 0x000000060f400000|  0%| F|  |TAMS 0x000000060f000000| PB 0x000000060f000000| Untracked 
|   2|0x000000060f400000, 0x000000060f400000, 0x000000060f800000|  0%| F|  |TAMS 0x000000060f400000| PB 0x000000060f400000| Untracked 
|   3|0x000000060f800000, 0x000000060f800000, 0x000000060fc00000|  0%| F|  |TAMS 0x000000060f800000| PB 0x000000060f800000| Untracked 
|   4|0x000000060fc00000, 0x000000060fc00000, 0x0000000610000000|  0%| F|  |TAMS 0x000000060fc00000| PB 0x000000060fc00000| Untracked 
|   5|0x0000000610000000, 0x0000000610000000, 0x0000000610400000|  0%| F|  |TAMS 0x0000000610000000| PB 0x0000000610000000| Untracked 
|   6|0x0000000610400000, 0x0000000610400000, 0x0000000610800000|  0%| F|  |TAMS 0x0000000610400000| PB 0x0000000610400000| Untracked 
|   7|0x0000000610800000, 0x0000000610800000, 0x0000000610c00000|  0%| F|  |TAMS 0x0000000610800000| PB 0x0000000610800000| Untracked 
|   8|0x0000000610c00000, 0x0000000610c00000, 0x0000000611000000|  0%| F|  |TAMS 0x0000000610c00000| PB 0x0000000610c00000| Untracked 
|   9|0x0000000611000000, 0x0000000611000000, 0x0000000611400000|  0%| F|  |TAMS 0x0000000611000000| PB 0x0000000611000000| Untracked 
|  10|0x0000000611400000, 0x0000000611400000, 0x0000000611800000|  0%| F|  |TAMS 0x0000000611400000| PB 0x0000000611400000| Untracked 
|  11|0x0000000611800000, 0x0000000611800000, 0x0000000611c00000|  0%| F|  |TAMS 0x0000000611800000| PB 0x0000000611800000| Untracked 
|  12|0x0000000611c00000, 0x0000000611c00000, 0x0000000612000000|  0%| F|  |TAMS 0x0000000611c00000| PB 0x0000000611c00000| Untracked 
|  13|0x0000000612000000, 0x0000000612000000, 0x0000000612400000|  0%| F|  |TAMS 0x0000000612000000| PB 0x0000000612000000| Untracked 
|  14|0x0000000612400000, 0x0000000612400000, 0x0000000612800000|  0%| F|  |TAMS 0x0000000612400000| PB 0x0000000612400000| Untracked 
|  15|0x0000000612800000, 0x0000000612800000, 0x0000000612c00000|  0%| F|  |TAMS 0x0000000612800000| PB 0x0000000612800000| Untracked 
|  16|0x0000000612c00000, 0x0000000612c00000, 0x0000000613000000|  0%| F|  |TAMS 0x0000000612c00000| PB 0x0000000612c00000| Untracked 
|  17|0x0000000613000000, 0x0000000613000000, 0x0000000613400000|  0%| F|  |TAMS 0x0000000613000000| PB 0x0000000613000000| Untracked 
|  18|0x0000000613400000, 0x0000000613400000, 0x0000000613800000|  0%| F|  |TAMS 0x0000000613400000| PB 0x0000000613400000| Untracked 
|  19|0x0000000613800000, 0x0000000613800000, 0x0000000613c00000|  0%| F|  |TAMS 0x0000000613800000| PB 0x0000000613800000| Untracked 
|  20|0x0000000613c00000, 0x0000000613c00000, 0x0000000614000000|  0%| F|  |TAMS 0x0000000613c00000| PB 0x0000000613c00000| Untracked 
|  21|0x0000000614000000, 0x0000000614000000, 0x0000000614400000|  0%| F|  |TAMS 0x0000000614000000| PB 0x0000000614000000| Untracked 
|  22|0x0000000614400000, 0x0000000614400000, 0x0000000614800000|  0%| F|  |TAMS 0x0000000614400000| PB 0x0000000614400000| Untracked 
|  23|0x0000000614800000, 0x0000000614800000, 0x0000000614c00000|  0%| F|  |TAMS 0x0000000614800000| PB 0x0000000614800000| Untracked 
|  24|0x0000000614c00000, 0x0000000614c00000, 0x0000000615000000|  0%| F|  |TAMS 0x0000000614c00000| PB 0x0000000614c00000| Untracked 
|  25|0x0000000615000000, 0x0000000615000000, 0x0000000615400000|  0%| F|  |TAMS 0x0000000615000000| PB 0x0000000615000000| Untracked 
|  26|0x0000000615400000, 0x0000000615400000, 0x0000000615800000|  0%| F|  |TAMS 0x0000000615400000| PB 0x0000000615400000| Untracked 
|  27|0x0000000615800000, 0x0000000615800000, 0x0000000615c00000|  0%| F|  |TAMS 0x0000000615800000| PB 0x0000000615800000| Untracked 
|  28|0x0000000615c00000, 0x0000000615c00000, 0x0000000616000000|  0%| F|  |TAMS 0x0000000615c00000| PB 0x0000000615c00000| Untracked 
|  29|0x0000000616000000, 0x0000000616000000, 0x0000000616400000|  0%| F|  |TAMS 0x0000000616000000| PB 0x0000000616000000| Untracked 
|  30|0x0000000616400000, 0x0000000616400000, 0x0000000616800000|  0%| F|  |TAMS 0x0000000616400000| PB 0x0000000616400000| Untracked 
|  31|0x0000000616800000, 0x0000000616800000, 0x0000000616c00000|  0%| F|  |TAMS 0x0000000616800000| PB 0x0000000616800000| Untracked 
|  32|0x0000000616c00000, 0x0000000616c00000, 0x0000000617000000|  0%| F|  |TAMS 0x0000000616c00000| PB 0x0000000616c00000| Untracked 
|  33|0x0000000617000000, 0x0000000617000000, 0x0000000617400000|  0%| F|  |TAMS 0x0000000617000000| PB 0x0000000617000000| Untracked 
|  34|0x0000000617400000, 0x0000000617400000, 0x0000000617800000|  0%| F|  |TAMS 0x0000000617400000| PB 0x0000000617400000| Untracked 
|  35|0x0000000617800000, 0x0000000617800000, 0x0000000617c00000|  0%| F|  |TAMS 0x0000000617800000| PB 0x0000000617800000| Untracked 
|  36|0x0000000617c00000, 0x0000000617c00000, 0x0000000618000000|  0%| F|  |TAMS 0x0000000617c00000| PB 0x0000000617c00000| Untracked 
|  37|0x0000000618000000, 0x0000000618000000, 0x0000000618400000|  0%| F|  |TAMS 0x0000000618000000| PB 0x0000000618000000| Untracked 
|  38|0x0000000618400000, 0x0000000618400000, 0x0000000618800000|  0%| F|  |TAMS 0x0000000618400000| PB 0x0000000618400000| Untracked 
|  39|0x0000000618800000, 0x0000000618800000, 0x0000000618c00000|  0%| F|  |TAMS 0x0000000618800000| PB 0x0000000618800000| Untracked 
|  40|0x0000000618c00000, 0x0000000618c00000, 0x0000000619000000|  0%| F|  |TAMS 0x0000000618c00000| PB 0x0000000618c00000| Untracked 
|  41|0x0000000619000000, 0x0000000619000000, 0x0000000619400000|  0%| F|  |TAMS 0x0000000619000000| PB 0x0000000619000000| Untracked 
|  42|0x0000000619400000, 0x0000000619400000, 0x0000000619800000|  0%| F|  |TAMS 0x0000000619400000| PB 0x0000000619400000| Untracked 
|  43|0x0000000619800000, 0x0000000619800000, 0x0000000619c00000|  0%| F|  |TAMS 0x0000000619800000| PB 0x0000000619800000| Untracked 
|  44|0x0000000619c00000, 0x0000000619c00000, 0x000000061a000000|  0%| F|  |TAMS 0x0000000619c00000| PB 0x0000000619c00000| Untracked 
|  45|0x000000061a000000, 0x000000061a000000, 0x000000061a400000|  0%| F|  |TAMS 0x000000061a000000| PB 0x000000061a000000| Untracked 
|  46|0x000000061a400000, 0x000000061a400000, 0x000000061a800000|  0%| F|  |TAMS 0x000000061a400000| PB 0x000000061a400000| Untracked 
|  47|0x000000061a800000, 0x000000061a800000, 0x000000061ac00000|  0%| F|  |TAMS 0x000000061a800000| PB 0x000000061a800000| Untracked 
|  48|0x000000061ac00000, 0x000000061ac00000, 0x000000061b000000|  0%| F|  |TAMS 0x000000061ac00000| PB 0x000000061ac00000| Untracked 
|  49|0x000000061b000000, 0x000000061b000000, 0x000000061b400000|  0%| F|  |TAMS 0x000000061b000000| PB 0x000000061b000000| Untracked 
|  50|0x000000061b400000, 0x000000061b400000, 0x000000061b800000|  0%| F|  |TAMS 0x000000061b400000| PB 0x000000061b400000| Untracked 
|  51|0x000000061b800000, 0x000000061b800000, 0x000000061bc00000|  0%| F|  |TAMS 0x000000061b800000| PB 0x000000061b800000| Untracked 
|  52|0x000000061bc00000, 0x000000061bc00000, 0x000000061c000000|  0%| F|  |TAMS 0x000000061bc00000| PB 0x000000061bc00000| Untracked 
|  53|0x000000061c000000, 0x000000061c000000, 0x000000061c400000|  0%| F|  |TAMS 0x000000061c000000| PB 0x000000061c000000| Untracked 
|  54|0x000000061c400000, 0x000000061c400000, 0x000000061c800000|  0%| F|  |TAMS 0x000000061c400000| PB 0x000000061c400000| Untracked 
|  55|0x000000061c800000, 0x000000061c800000, 0x000000061cc00000|  0%| F|  |TAMS 0x000000061c800000| PB 0x000000061c800000| Untracked 
|  56|0x000000061cc00000, 0x000000061cc00000, 0x000000061d000000|  0%| F|  |TAMS 0x000000061cc00000| PB 0x000000061cc00000| Untracked 
|  57|0x000000061d000000, 0x000000061d000000, 0x000000061d400000|  0%| F|  |TAMS 0x000000061d000000| PB 0x000000061d000000| Untracked 
|  58|0x000000061d400000, 0x000000061d400000, 0x000000061d800000|  0%| F|  |TAMS 0x000000061d400000| PB 0x000000061d400000| Untracked 
|  59|0x000000061d800000, 0x000000061d800000, 0x000000061dc00000|  0%| F|  |TAMS 0x000000061d800000| PB 0x000000061d800000| Untracked 
|  60|0x000000061dc00000, 0x000000061dc00000, 0x000000061e000000|  0%| F|  |TAMS 0x000000061dc00000| PB 0x000000061dc00000| Untracked 
|  61|0x000000061e000000, 0x000000061e000000, 0x000000061e400000|  0%| F|  |TAMS 0x000000061e000000| PB 0x000000061e000000| Untracked 
|  62|0x000000061e400000, 0x000000061e400000, 0x000000061e800000|  0%| F|  |TAMS 0x000000061e400000| PB 0x000000061e400000| Untracked 
|  63|0x000000061e800000, 0x000000061e800000, 0x000000061ec00000|  0%| F|  |TAMS 0x000000061e800000| PB 0x000000061e800000| Untracked 
|  64|0x000000061ec00000, 0x000000061ec00000, 0x000000061f000000|  0%| F|  |TAMS 0x000000061ec00000| PB 0x000000061ec00000| Untracked 
|  65|0x000000061f000000, 0x000000061f000000, 0x000000061f400000|  0%| F|  |TAMS 0x000000061f000000| PB 0x000000061f000000| Untracked 
|  66|0x000000061f400000, 0x000000061f400000, 0x000000061f800000|  0%| F|  |TAMS 0x000000061f400000| PB 0x000000061f400000| Untracked 
|  67|0x000000061f800000, 0x000000061f800000, 0x000000061fc00000|  0%| F|  |TAMS 0x000000061f800000| PB 0x000000061f800000| Untracked 
|  68|0x000000061fc00000, 0x000000061fc00000, 0x0000000620000000|  0%| F|  |TAMS 0x000000061fc00000| PB 0x000000061fc00000| Untracked 
|  69|0x0000000620000000, 0x0000000620000000, 0x0000000620400000|  0%| F|  |TAMS 0x0000000620000000| PB 0x0000000620000000| Untracked 
|  70|0x0000000620400000, 0x0000000620400000, 0x0000000620800000|  0%| F|  |TAMS 0x0000000620400000| PB 0x0000000620400000| Untracked 
|  71|0x0000000620800000, 0x0000000620800000, 0x0000000620c00000|  0%| F|  |TAMS 0x0000000620800000| PB 0x0000000620800000| Untracked 
|  72|0x0000000620c00000, 0x0000000620c00000, 0x0000000621000000|  0%| F|  |TAMS 0x0000000620c00000| PB 0x0000000620c00000| Untracked 
|  73|0x0000000621000000, 0x0000000621000000, 0x0000000621400000|  0%| F|  |TAMS 0x0000000621000000| PB 0x0000000621000000| Untracked 
|  74|0x0000000621400000, 0x0000000621400000, 0x0000000621800000|  0%| F|  |TAMS 0x0000000621400000| PB 0x0000000621400000| Untracked 
|  75|0x0000000621800000, 0x0000000621800000, 0x0000000621c00000|  0%| F|  |TAMS 0x0000000621800000| PB 0x0000000621800000| Untracked 
|  76|0x0000000621c00000, 0x0000000621c00000, 0x0000000622000000|  0%| F|  |TAMS 0x0000000621c00000| PB 0x0000000621c00000| Untracked 
|  77|0x0000000622000000, 0x0000000622000000, 0x0000000622400000|  0%| F|  |TAMS 0x0000000622000000| PB 0x0000000622000000| Untracked 
|  78|0x0000000622400000, 0x0000000622400000, 0x0000000622800000|  0%| F|  |TAMS 0x0000000622400000| PB 0x0000000622400000| Untracked 
|  79|0x0000000622800000, 0x0000000622800000, 0x0000000622c00000|  0%| F|  |TAMS 0x0000000622800000| PB 0x0000000622800000| Untracked 
|  80|0x0000000622c00000, 0x0000000622c00000, 0x0000000623000000|  0%| F|  |TAMS 0x0000000622c00000| PB 0x0000000622c00000| Untracked 
|  81|0x0000000623000000, 0x0000000623000000, 0x0000000623400000|  0%| F|  |TAMS 0x0000000623000000| PB 0x0000000623000000| Untracked 
|  82|0x0000000623400000, 0x0000000623400000, 0x0000000623800000|  0%| F|  |TAMS 0x0000000623400000| PB 0x0000000623400000| Untracked 
|  83|0x0000000623800000, 0x0000000623800000, 0x0000000623c00000|  0%| F|  |TAMS 0x0000000623800000| PB 0x0000000623800000| Untracked 
|  84|0x0000000623c00000, 0x0000000623c00000, 0x0000000624000000|  0%| F|  |TAMS 0x0000000623c00000| PB 0x0000000623c00000| Untracked 
|  85|0x0000000624000000, 0x0000000624000000, 0x0000000624400000|  0%| F|  |TAMS 0x0000000624000000| PB 0x0000000624000000| Untracked 
|  86|0x0000000624400000, 0x0000000624400000, 0x0000000624800000|  0%| F|  |TAMS 0x0000000624400000| PB 0x0000000624400000| Untracked 
|  87|0x0000000624800000, 0x0000000624800000, 0x0000000624c00000|  0%| F|  |TAMS 0x0000000624800000| PB 0x0000000624800000| Untracked 
|  88|0x0000000624c00000, 0x0000000624c00000, 0x0000000625000000|  0%| F|  |TAMS 0x0000000624c00000| PB 0x0000000624c00000| Untracked 
|  89|0x0000000625000000, 0x0000000625000000, 0x0000000625400000|  0%| F|  |TAMS 0x0000000625000000| PB 0x0000000625000000| Untracked 
|  90|0x0000000625400000, 0x0000000625400000, 0x0000000625800000|  0%| F|  |TAMS 0x0000000625400000| PB 0x0000000625400000| Untracked 
|  91|0x0000000625800000, 0x0000000625800000, 0x0000000625c00000|  0%| F|  |TAMS 0x0000000625800000| PB 0x0000000625800000| Untracked 
|  92|0x0000000625c00000, 0x0000000625c00000, 0x0000000626000000|  0%| F|  |TAMS 0x0000000625c00000| PB 0x0000000625c00000| Untracked 
|  93|0x0000000626000000, 0x0000000626000000, 0x0000000626400000|  0%| F|  |TAMS 0x0000000626000000| PB 0x0000000626000000| Untracked 
|  94|0x0000000626400000, 0x0000000626400000, 0x0000000626800000|  0%| F|  |TAMS 0x0000000626400000| PB 0x0000000626400000| Untracked 
|  95|0x0000000626800000, 0x0000000626800000, 0x0000000626c00000|  0%| F|  |TAMS 0x0000000626800000| PB 0x0000000626800000| Untracked 
|  96|0x0000000626c00000, 0x0000000626c00000, 0x0000000627000000|  0%| F|  |TAMS 0x0000000626c00000| PB 0x0000000626c00000| Untracked 
|  97|0x0000000627000000, 0x0000000627000000, 0x0000000627400000|  0%| F|  |TAMS 0x0000000627000000| PB 0x0000000627000000| Untracked 
|  98|0x0000000627400000, 0x0000000627400000, 0x0000000627800000|  0%| F|  |TAMS 0x0000000627400000| PB 0x0000000627400000| Untracked 
|  99|0x0000000627800000, 0x0000000627800000, 0x0000000627c00000|  0%| F|  |TAMS 0x0000000627800000| PB 0x0000000627800000| Untracked 
| 100|0x0000000627c00000, 0x0000000627c00000, 0x0000000628000000|  0%| F|  |TAMS 0x0000000627c00000| PB 0x0000000627c00000| Untracked 
| 101|0x0000000628000000, 0x0000000628000000, 0x0000000628400000|  0%| F|  |TAMS 0x0000000628000000| PB 0x0000000628000000| Untracked 
| 102|0x0000000628400000, 0x0000000628400000, 0x0000000628800000|  0%| F|  |TAMS 0x0000000628400000| PB 0x0000000628400000| Untracked 
| 103|0x0000000628800000, 0x0000000628800000, 0x0000000628c00000|  0%| F|  |TAMS 0x0000000628800000| PB 0x0000000628800000| Untracked 
| 104|0x0000000628c00000, 0x0000000628c00000, 0x0000000629000000|  0%| F|  |TAMS 0x0000000628c00000| PB 0x0000000628c00000| Untracked 
| 105|0x0000000629000000, 0x0000000629000000, 0x0000000629400000|  0%| F|  |TAMS 0x0000000629000000| PB 0x0000000629000000| Untracked 
| 106|0x0000000629400000, 0x0000000629400000, 0x0000000629800000|  0%| F|  |TAMS 0x0000000629400000| PB 0x0000000629400000| Untracked 
| 107|0x0000000629800000, 0x0000000629800000, 0x0000000629c00000|  0%| F|  |TAMS 0x0000000629800000| PB 0x0000000629800000| Untracked 
| 108|0x0000000629c00000, 0x0000000629c00000, 0x000000062a000000|  0%| F|  |TAMS 0x0000000629c00000| PB 0x0000000629c00000| Untracked 
| 109|0x000000062a000000, 0x000000062a000000, 0x000000062a400000|  0%| F|  |TAMS 0x000000062a000000| PB 0x000000062a000000| Untracked 
| 110|0x000000062a400000, 0x000000062a400000, 0x000000062a800000|  0%| F|  |TAMS 0x000000062a400000| PB 0x000000062a400000| Untracked 
| 111|0x000000062a800000, 0x000000062a800000, 0x000000062ac00000|  0%| F|  |TAMS 0x000000062a800000| PB 0x000000062a800000| Untracked 
| 112|0x000000062ac00000, 0x000000062ac00000, 0x000000062b000000|  0%| F|  |TAMS 0x000000062ac00000| PB 0x000000062ac00000| Untracked 
| 113|0x000000062b000000, 0x000000062b000000, 0x000000062b400000|  0%| F|  |TAMS 0x000000062b000000| PB 0x000000062b000000| Untracked 
| 114|0x000000062b400000, 0x000000062b400000, 0x000000062b800000|  0%| F|  |TAMS 0x000000062b400000| PB 0x000000062b400000| Untracked 
| 115|0x000000062b800000, 0x000000062b800000, 0x000000062bc00000|  0%| F|  |TAMS 0x000000062b800000| PB 0x000000062b800000| Untracked 
| 116|0x000000062bc00000, 0x000000062bc00000, 0x000000062c000000|  0%| F|  |TAMS 0x000000062bc00000| PB 0x000000062bc00000| Untracked 
| 117|0x000000062c000000, 0x000000062c000000, 0x000000062c400000|  0%| F|  |TAMS 0x000000062c000000| PB 0x000000062c000000| Untracked 
| 118|0x000000062c400000, 0x000000062c62c9e8, 0x000000062c800000| 54%| S|CS|TAMS 0x000000062c400000| PB 0x000000062c400000| Complete 
| 119|0x000000062c800000, 0x000000062c800000, 0x000000062cc00000|  0%| F|  |TAMS 0x000000062c800000| PB 0x000000062c800000| Untracked 
| 120|0x000000062cc00000, 0x000000062cc00000, 0x000000062d000000|  0%| F|  |TAMS 0x000000062cc00000| PB 0x000000062cc00000| Untracked 
| 121|0x000000062d000000, 0x000000062d000000, 0x000000062d400000|  0%| F|  |TAMS 0x000000062d000000| PB 0x000000062d000000| Untracked 
| 122|0x000000062d400000, 0x000000062d7ce490, 0x000000062d800000| 95%| E|  |TAMS 0x000000062d400000| PB 0x000000062d400000| Complete 
| 123|0x000000062d800000, 0x000000062dc00000, 0x000000062dc00000|100%| E|CS|TAMS 0x000000062d800000| PB 0x000000062d800000| Complete 
| 124|0x000000062dc00000, 0x000000062e000000, 0x000000062e000000|100%| E|CS|TAMS 0x000000062dc00000| PB 0x000000062dc00000| Complete 

Card table byte_map: [0x00007f8795fe1000,0x00007f8796f6b000] _byte_map_base: 0x00007f8792f6b000

Marking Bits: (CMBitMap*) 0x00007f87b00465c0
 Bits: [0x00007f878e391000, 0x00007f8795fe1000)

Polling page: 0x00007f87b61ca000

Metaspace:

Usage:
  Non-class:     14.71 MB used.
      Class:      1.56 MB used.
       Both:     16.27 MB used.

Virtual space:
  Non-class space:       64.00 MB reserved,      14.81 MB ( 23%) committed,  1 nodes.
      Class space:        1.00 GB reserved,       1.62 MB ( <1%) committed,  1 nodes.
             Both:        1.06 GB reserved,      16.44 MB (  2%) committed. 

Chunk freelists:
   Non-Class:  1.16 MB
       Class:  14.38 MB
        Both:  15.53 MB

MaxMetaspaceSize: unlimited
CompressedClassSpaceSize: 1.00 GB
Initial GC threshold: 21.00 MB
Current GC threshold: 21.00 MB
CDS: off
 - commit_granule_bytes: 65536.
 - commit_granule_words: 8192.
 - virtual_space_node_default_size: 8388608.
 - enlarge_chunks_in_place: 1.
 - use_allocation_guard: 0.


Internal statistics:

num_allocs_failed_limit: 0.
num_arena_births: 124.
num_arena_deaths: 0.
num_vsnodes_births: 2.
num_vsnodes_deaths: 0.
num_space_committed: 263.
num_space_uncommitted: 0.
num_chunks_returned_to_freelist: 0.
num_chunks_taken_from_freelist: 424.
num_chunk_merges: 0.
num_chunk_splits: 323.
num_chunks_enlarged: 264.
num_inconsistent_stats: 0.

CodeHeap 'non-profiled nmethods': size=119168Kb used=300Kb max_used=300Kb free=118868Kb
 bounds [0x00007f87a05a0000, 0x00007f87a0810000, 0x00007f87a7a00000]
CodeHeap 'profiled nmethods': size=119164Kb used=2155Kb max_used=2155Kb free=117008Kb
 bounds [0x00007f8798a00000, 0x00007f8798c70000, 0x00007f879fe5f000]
CodeHeap 'non-nmethods': size=7428Kb used=3235Kb max_used=3250Kb free=4192Kb
 bounds [0x00007f879fe5f000, 0x00007f87a019f000, 0x00007f87a05a0000]
 total_blobs=1651 nmethods=1164 adapters=390
 compilation: enabled
              stopped_count=0, restarted_count=0
 full_count=0

Compilation events (20 events):
Event: 1.396 Thread 0x00007f874803d590 nmethod 1154 0x00007f8798c13890 code [0x00007f8798c13a20, 0x00007f8798c13bc8]
Event: 1.396 Thread 0x00007f87500881f0 nmethod 1155 0x00007f8798c13d10 code [0x00007f8798c13f00, 0x00007f8798c14460]
Event: 1.396 Thread 0x00007f874803d590 1156       3       org.objectweb.asm.SymbolTable::hash (20 bytes)
Event: 1.396 Thread 0x00007f87b01ed600 1157       3       org.objectweb.asm.Type::getArgumentsAndReturnSizes (140 bytes)
Event: 1.396 Thread 0x00007f874803d590 nmethod 1156 0x00007f8798c14610 code [0x00007f8798c147c0, 0x00007f8798c14988]
Event: 1.396 Thread 0x00007f87500881f0 1158       3       org.objectweb.asm.SymbolTable::addType (81 bytes)
Event: 1.397 Thread 0x00007f874803d590 1159       3       org.objectweb.asm.Frame::push (59 bytes)
Event: 1.397 Thread 0x00007f87500a1c50 1160       3       org.objectweb.asm.Frame::<init> (10 bytes)
Event: 1.397 Thread 0x00007f87500881f0 nmethod 1158 0x00007f8798c14b10 code [0x00007f8798c14d20, 0x00007f8798c15298]
Event: 1.397 Thread 0x00007f87500a1c50 nmethod 1160 0x00007f8798c15590 code [0x00007f8798c15720, 0x00007f8798c158d8]
Event: 1.397 Thread 0x00007f87500a1c50 1161       3       org.objectweb.asm.Frame::pop (53 bytes)
Event: 1.397 Thread 0x00007f874803d590 nmethod 1159 0x00007f8798c15990 code [0x00007f8798c15bc0, 0x00007f8798c16390]
Event: 1.397 Thread 0x00007f874803d590 1162       3       org.objectweb.asm.ByteVector::put11 (52 bytes)
Event: 1.397 Thread 0x00007f874803d590 nmethod 1162 0x00007f8798c16710 code [0x00007f8798c168c0, 0x00007f8798c16ae0]
Event: 1.397 Thread 0x00007f874803d590 1163       3       org.objectweb.asm.Label::getCanonicalInstance (19 bytes)
Event: 1.397 Thread 0x00007f874803d590 nmethod 1163 0x00007f8798c16c90 code [0x00007f8798c16e20, 0x00007f8798c16f90]
Event: 1.397 Thread 0x00007f87500a1c50 nmethod 1161 0x00007f8798c17090 code [0x00007f8798c172e0, 0x00007f8798c17aa8]
Event: 1.397 Thread 0x00007f87500881f0 1164       3       org.objectweb.asm.Handler::getExceptionTableLength (21 bytes)
Event: 1.398 Thread 0x00007f87b01ed600 nmethod 1157 0x00007f8798c17e10 code [0x00007f8798c181c0, 0x00007f8798c19e78]
Event: 1.398 Thread 0x00007f87500881f0 nmethod 1164 0x00007f8798c1a990 code [0x00007f8798c1ab20, 0x00007f8798c1acc8]

GC Heap History (2 events):
Event: 0.265 GC heap before
{Heap before GC invocations=0 (full 0):
 garbage-first heap   total 512000K, used 20480K [0x000000060ec00000, 0x0000000800000000)
  region size 4096K, 6 young (24576K), 0 survivors (0K)
 Metaspace       used 13533K, committed 13632K, reserved 1114112K
  class space    used 1231K, committed 1280K, reserved 1048576K
}
Event: 0.267 GC heap after
{Heap after GC invocations=1 (full 0):
 garbage-first heap   total 512000K, used 2226K [0x000000060ec00000, 0x0000000800000000)
  region size 4096K, 1 young (4096K), 1 survivors (4096K)
 Metaspace       used 13533K, committed 13632K, reserved 1114112K
  class space    used 1231K, committed 1280K, reserved 1048576K
}

Dll operation events (8 events):
Event: 0.001 Loaded shared library /home/aoli/repos/sfuzz/jdk/build/jdk/lib/libjava.so
Event: 0.021 Loaded shared library /home/aoli/repos/sfuzz/jdk/build/jdk/lib/libjsvml.so
Event: 0.054 Loaded shared library /home/aoli/repos/sfuzz/jdk/build/jdk/lib/libzip.so
Event: 0.056 Loaded shared library /home/aoli/repos/sfuzz/jdk/build/jdk/lib/libinstrument.so
Event: 0.058 Loaded shared library /home/aoli/repos/sfuzz/jdk/build/jdk/lib/libnio.so
Event: 0.061 Loaded shared library /home/aoli/repos/sfuzz/jdk/build/jdk/lib/libzip.so
Event: 0.082 Loaded shared library /home/aoli/repos/sfuzz/jdk/build/jdk/lib/libverify.so
Event: 0.190 Loaded shared library /home/aoli/repos/sfuzz/jdk/build/jdk/lib/libjimage.so

Deoptimization events (20 events):
Event: 0.347 Thread 0x00007f87b0019850 Uncommon trap: trap_request=0xffffffde fr.pc=0x00007f87a05dd1f0 relative=0x00000000000005f0
Event: 0.347 Thread 0x00007f87b0019850 Uncommon trap: reason=class_check action=maybe_recompile pc=0x00007f87a05dd1f0 method=kotlin.reflect.jvm.internal.impl.protobuf.CodedInputStream.tryRefillBuffer(I)Z @ 175 c2
Event: 0.347 Thread 0x00007f87b0019850 DEOPT PACKING pc=0x00007f87a05dd1f0 sp=0x00007f87b47fa6c0
Event: 0.347 Thread 0x00007f87b0019850 DEOPT UNPACKING pc=0x00007f879feb6619 sp=0x00007f87b47fa5a8 mode 2
Event: 0.347 Thread 0x00007f87b0019850 Uncommon trap: trap_request=0xffffffde fr.pc=0x00007f87a05dd1f0 relative=0x00000000000005f0
Event: 0.347 Thread 0x00007f87b0019850 Uncommon trap: reason=class_check action=maybe_recompile pc=0x00007f87a05dd1f0 method=kotlin.reflect.jvm.internal.impl.protobuf.CodedInputStream.tryRefillBuffer(I)Z @ 175 c2
Event: 0.347 Thread 0x00007f87b0019850 DEOPT PACKING pc=0x00007f87a05dd1f0 sp=0x00007f87b47fa7c0
Event: 0.347 Thread 0x00007f87b0019850 DEOPT UNPACKING pc=0x00007f879feb6619 sp=0x00007f87b47fa6a8 mode 2
Event: 0.348 Thread 0x00007f87b0019850 Uncommon trap: trap_request=0xffffffde fr.pc=0x00007f87a05dd1f0 relative=0x00000000000005f0
Event: 0.348 Thread 0x00007f87b0019850 Uncommon trap: reason=class_check action=maybe_recompile pc=0x00007f87a05dd1f0 method=kotlin.reflect.jvm.internal.impl.protobuf.CodedInputStream.tryRefillBuffer(I)Z @ 175 c2
Event: 0.348 Thread 0x00007f87b0019850 DEOPT PACKING pc=0x00007f87a05dd1f0 sp=0x00007f87b47fa7c0
Event: 0.348 Thread 0x00007f87b0019850 DEOPT UNPACKING pc=0x00007f879feb6619 sp=0x00007f87b47fa6a8 mode 2
Event: 0.374 Thread 0x00007f87b0019850 DEOPT PACKING pc=0x00007f8798ae1da5 sp=0x00007f87b47fd120
Event: 0.374 Thread 0x00007f87b0019850 DEOPT UNPACKING pc=0x00007f879feb714f sp=0x00007f87b47fc658 mode 1
Event: 0.374 Thread 0x00007f87b0019850 DEOPT PACKING pc=0x00007f8798ae1da5 sp=0x00007f87b47fc630
Event: 0.374 Thread 0x00007f87b0019850 DEOPT UNPACKING pc=0x00007f879feb714f sp=0x00007f87b47fbb68 mode 1
Event: 1.378 Thread 0x00007f87b0019850 DEOPT PACKING pc=0x00007f8798ae1da5 sp=0x00007f87b47fce50
Event: 1.378 Thread 0x00007f87b0019850 DEOPT UNPACKING pc=0x00007f879feb714f sp=0x00007f87b47fc388 mode 1
Event: 1.379 Thread 0x00007f87b0019850 DEOPT PACKING pc=0x00007f8798ae1da5 sp=0x00007f87b47fcdd0
Event: 1.379 Thread 0x00007f87b0019850 DEOPT UNPACKING pc=0x00007f879feb714f sp=0x00007f87b47fc308 mode 1

Classes loaded (20 events):
Event: 0.334 Loading class java/lang/invoke/MethodHandleImpl$BindCaller$InjectedInvokerHolder
Event: 0.334 Loading class java/lang/invoke/MethodHandleImpl$BindCaller$InjectedInvokerHolder done
Event: 0.338 Loading class java/lang/reflect/Executable$ParameterData
Event: 0.338 Loading class java/lang/reflect/Executable$ParameterData done
Event: 0.338 Loading class java/lang/reflect/WildcardType
Event: 0.338 Loading class java/lang/reflect/WildcardType done
Event: 0.342 Loading class java/lang/reflect/UndeclaredThrowableException
Event: 0.342 Loading class java/lang/reflect/UndeclaredThrowableException done
Event: 0.350 Loading class java/util/regex/Pattern$SliceS
Event: 0.350 Loading class java/util/regex/Pattern$SliceS done
Event: 0.372 Loading class java/lang/invoke/BoundMethodHandle$Species_LLJ
Event: 0.372 Loading class java/lang/invoke/BoundMethodHandle$Species_LLJ done
Event: 0.374 Loading class jdk/internal/event/ThreadSleepEvent
Event: 0.374 Loading class jdk/internal/event/Event
Event: 0.374 Loading class jdk/internal/event/Event done
Event: 0.374 Loading class jdk/internal/event/ThreadSleepEvent done
Event: 1.378 Loading class java/util/Arrays$LegacyMergeSort
Event: 1.378 Loading class java/util/Arrays$LegacyMergeSort done
Event: 1.378 Loading class java/util/TimSort
Event: 1.379 Loading class java/util/TimSort done

Classes unloaded (0 events):
No events

Classes redefined (0 events):
No events

Internal exceptions (9 events):
Event: 0.066 Thread 0x00007f87b0019850 Exception <a 'java/lang/NoSuchMethodError'{0x000000062df38518}: 'void java.lang.invoke.DirectMethodHandle$Holder.invokeStatic(java.lang.Object, java.lang.Object, java.lang.Object)'> (0x000000062df38518) 
thrown [./src/hotspot/share/interpreter/linkResolver.cpp, line 772]
Event: 0.068 Thread 0x00007f87b0019850 Exception <a 'java/lang/NoSuchMethodError'{0x000000062df4f908}: 'java.lang.Object java.lang.invoke.Invokers$Holder.invokeExact_MT(java.lang.Object, java.lang.Object, java.lang.Object, java.lang.Object, java.lang.Object)'> (0x000000062df4f908) 
thrown [./src/hotspot/share/interpreter/linkResolver.cpp, line 772]
Event: 0.216 Thread 0x00007f87b0019850 Implicit null exception at 0x00007f87a05cc5a2 to 0x00007f87a05ccdc4
Event: 0.268 Thread 0x00007f87b0019850 Exception <a 'java/lang/NoSuchMethodError'{0x000000062dc06050}: 'int java.lang.invoke.DirectMethodHandle$Holder.invokeSpecial(java.lang.Object, java.lang.Object, java.lang.Object)'> (0x000000062dc06050) 
thrown [./src/hotspot/share/interpreter/linkResolver.cpp, line 772]
Event: 0.332 Thread 0x00007f87b0019850 Exception <a 'java/lang/NoSuchMethodError'{0x000000062db69cf8}: method resolution failed> (0x000000062db69cf8) 
thrown [./src/hotspot/share/prims/methodHandles.cpp, line 1144]
Event: 0.333 Thread 0x00007f87b0019850 Exception <a 'java/lang/NoSuchMethodError'{0x000000062db6f578}: 'java.lang.Object java.lang.invoke.DirectMethodHandle$Holder.invokeStatic(java.lang.Object, java.lang.Object, int)'> (0x000000062db6f578) 
thrown [./src/hotspot/share/interpreter/linkResolver.cpp, line 772]
Event: 0.333 Thread 0x00007f87b0019850 Exception <a 'java/lang/NoSuchMethodError'{0x000000062db7ac78}: 'void java.lang.invoke.DelegatingMethodHandle$Holder.delegate(java.lang.Object, java.lang.Object, int, java.lang.Object)'> (0x000000062db7ac78) 
thrown [./src/hotspot/share/interpreter/linkResolver.cpp, line 772]
Event: 0.343 Thread 0x00007f87b0019850 Exception <a 'java/lang/NoSuchMethodError'{0x000000062d415210}: 'int java.lang.invoke.DirectMethodHandle$Holder.invokeInterface(java.lang.Object, java.lang.Object)'> (0x000000062d415210) 
thrown [./src/hotspot/share/interpreter/linkResolver.cpp, line 772]
Event: 0.344 Thread 0x00007f87b0019850 Exception <a 'java/lang/NoSuchMethodError'{0x000000062d41af38}: 'java.lang.Object java.lang.invoke.DirectMethodHandle$Holder.invokeInterface(java.lang.Object, java.lang.Object)'> (0x000000062d41af38) 
thrown [./src/hotspot/share/interpreter/linkResolver.cpp, line 772]

ZGC Phase Switch (0 events):
No events

VM Operations (20 events):
Event: 0.098 Executing VM operation: ChangeBreakpoints done
Event: 0.101 Executing VM operation: ChangeBreakpoints
Event: 0.101 Executing VM operation: ChangeBreakpoints done
Event: 0.103 Executing VM operation: ChangeBreakpoints
Event: 0.103 Executing VM operation: ChangeBreakpoints done
Event: 0.108 Executing VM operation: ChangeBreakpoints
Event: 0.108 Executing VM operation: ChangeBreakpoints done
Event: 0.129 Executing VM operation: HandshakeAllThreads (Deoptimize)
Event: 0.129 Executing VM operation: HandshakeAllThreads (Deoptimize) done
Event: 0.170 Executing VM operation: HandshakeAllThreads (Deoptimize)
Event: 0.170 Executing VM operation: HandshakeAllThreads (Deoptimize) done
Event: 0.192 Executing VM operation: HandshakeAllThreads (Deoptimize)
Event: 0.192 Executing VM operation: HandshakeAllThreads (Deoptimize) done
Event: 0.265 Executing VM operation: G1CollectForAllocation (G1 Evacuation Pause)
Event: 0.267 Executing VM operation: G1CollectForAllocation (G1 Evacuation Pause) done
Event: 0.296 Executing VM operation: HandshakeAllThreads (Deoptimize)
Event: 0.296 Executing VM operation: HandshakeAllThreads (Deoptimize) done
Event: 1.296 Executing VM operation: Cleanup
Event: 1.296 Executing VM operation: Cleanup done
Event: 1.504 Executing VM operation: get/set locals

Events (20 events):
Event: 0.021 Thread 0x00007f87b01ed600 Thread added: 0x00007f87b01ed600
Event: 0.021 Protecting memory [0x00007f877e713000,0x00007f877e717000] with protection modes 0
Event: 0.042 Thread 0x00007f87b0295460 Thread added: 0x00007f87b0295460
Event: 0.042 Protecting memory [0x00007f877e542000,0x00007f877e546000] with protection modes 0
Event: 0.048 Thread 0x00007f87500881f0 Thread added: 0x00007f87500881f0
Event: 0.048 Protecting memory [0x00007f877e442000,0x00007f877e446000] with protection modes 0
Event: 0.049 Thread 0x00007f87500a1c50 Thread added: 0x00007f87500a1c50
Event: 0.049 Protecting memory [0x00007f877e342000,0x00007f877e346000] with protection modes 0
Event: 0.081 Thread 0x00007f87b03e6e60 Thread added: 0x00007f87b03e6e60
Event: 0.081 Protecting memory [0x00007f877e242000,0x00007f877e246000] with protection modes 0
Event: 0.081 Thread 0x00007f87b03cb960 Thread added: 0x00007f87b03cb960
Event: 0.081 Protecting memory [0x00007f877e142000,0x00007f877e146000] with protection modes 0
Event: 0.092 Thread 0x00007f874000c8e0 Thread added: 0x00007f874000c8e0
Event: 0.092 Protecting memory [0x00007f877e042000,0x00007f877e046000] with protection modes 0
Event: 0.104 Thread 0x00007f87b03ccbd0 Thread added: 0x00007f87b03ccbd0
Event: 0.104 Protecting memory [0x00007f877df42000,0x00007f877df46000] with protection modes 0
Event: 0.177 Thread 0x00007f874803d590 Thread added: 0x00007f874803d590
Event: 0.177 Protecting memory [0x00007f877de42000,0x00007f877de46000] with protection modes 0
Event: 0.374 Thread 0x00007f87b089c690 Thread added: 0x00007f87b089c690
Event: 0.374 Protecting memory [0x00007f877d237000,0x00007f877d23b000] with protection modes 0


Dynamic libraries:
60ec00000-62e000000 rw-p 00000000 00:00 0 
62e000000-800000000 ---p 00000000 00:00 0 
800000000-800010000 rw-p 00000000 00:00 0 
800010000-800030000 rw-p 00000000 00:00 0 
800030000-8000b0000 rw-p 00000000 00:00 0 
8000b0000-8001a0000 rw-p 00000000 00:00 0 
8001a0000-840000000 ---p 00000000 00:00 0 
55e673898000-55e673899000 r--p 00000000 fc:00 23350646                   /home/aoli/repos/sfuzz/jdk/build/jdk/bin/java
55e673899000-55e67389a000 r-xp 00001000 fc:00 23350646                   /home/aoli/repos/sfuzz/jdk/build/jdk/bin/java
55e67389a000-55e67389b000 r--p 00002000 fc:00 23350646                   /home/aoli/repos/sfuzz/jdk/build/jdk/bin/java
55e67389b000-55e67389c000 r--p 00002000 fc:00 23350646                   /home/aoli/repos/sfuzz/jdk/build/jdk/bin/java
55e67389c000-55e67389d000 rw-p 00003000 fc:00 23350646                   /home/aoli/repos/sfuzz/jdk/build/jdk/bin/java
55e67498b000-55e6749d2000 rw-p 00000000 00:00 0                          [heap]
7f86fc000000-7f86fc021000 rw-p 00000000 00:00 0 
7f86fc021000-7f8700000000 ---p 00000000 00:00 0 
7f8700000000-7f8700021000 rw-p 00000000 00:00 0 
7f8700021000-7f8704000000 ---p 00000000 00:00 0 
7f8704000000-7f8704021000 rw-p 00000000 00:00 0 
7f8704021000-7f8708000000 ---p 00000000 00:00 0 
7f8708000000-7f8708021000 rw-p 00000000 00:00 0 
7f8708021000-7f870c000000 ---p 00000000 00:00 0 
7f870c000000-7f870c021000 rw-p 00000000 00:00 0 
7f870c021000-7f8710000000 ---p 00000000 00:00 0 
7f8710000000-7f8710021000 rw-p 00000000 00:00 0 
7f8710021000-7f8714000000 ---p 00000000 00:00 0 
7f8714000000-7f8714021000 rw-p 00000000 00:00 0 
7f8714021000-7f8718000000 ---p 00000000 00:00 0 
7f8718000000-7f8718021000 rw-p 00000000 00:00 0 
7f8718021000-7f871c000000 ---p 00000000 00:00 0 
7f871c000000-7f871c021000 rw-p 00000000 00:00 0 
7f871c021000-7f8720000000 ---p 00000000 00:00 0 
7f8720000000-7f8720021000 rw-p 00000000 00:00 0 
7f8720021000-7f8724000000 ---p 00000000 00:00 0 
7f8724000000-7f8724021000 rw-p 00000000 00:00 0 
7f8724021000-7f8728000000 ---p 00000000 00:00 0 
7f8728000000-7f8728021000 rw-p 00000000 00:00 0 
7f8728021000-7f872c000000 ---p 00000000 00:00 0 
7f872c000000-7f872c021000 rw-p 00000000 00:00 0 
7f872c021000-7f8730000000 ---p 00000000 00:00 0 
7f8730000000-7f873009a000 rw-p 00000000 00:00 0 
7f873009a000-7f8734000000 ---p 00000000 00:00 0 
7f8734000000-7f8734035000 rw-p 00000000 00:00 0 
7f8734035000-7f8738000000 ---p 00000000 00:00 0 
7f8738000000-7f8738021000 rw-p 00000000 00:00 0 
7f8738021000-7f873c000000 ---p 00000000 00:00 0 
7f873c000000-7f873c0b6000 rw-p 00000000 00:00 0 
7f873c0b6000-7f8740000000 ---p 00000000 00:00 0 
7f8740000000-7f87400ac000 rw-p 00000000 00:00 0 
7f87400ac000-7f8744000000 ---p 00000000 00:00 0 
7f8744000000-7f8744021000 rw-p 00000000 00:00 0 
7f8744021000-7f8748000000 ---p 00000000 00:00 0 
7f8748000000-7f87480dc000 rw-p 00000000 00:00 0 
7f87480dc000-7f874c000000 ---p 00000000 00:00 0 
7f874c000000-7f874c2a0000 rw-p 00000000 00:00 0 
7f874c2a0000-7f8750000000 ---p 00000000 00:00 0 
7f8750000000-7f87501cb000 rw-p 00000000 00:00 0 
7f87501cb000-7f8754000000 ---p 00000000 00:00 0 
7f8754000000-7f8754021000 rw-p 00000000 00:00 0 
7f8754021000-7f8758000000 ---p 00000000 00:00 0 
7f8758000000-7f8758021000 rw-p 00000000 00:00 0 
7f8758021000-7f875c000000 ---p 00000000 00:00 0 
7f875c000000-7f875c021000 rw-p 00000000 00:00 0 
7f875c021000-7f8760000000 ---p 00000000 00:00 0 
7f8760000000-7f8760021000 rw-p 00000000 00:00 0 
7f8760021000-7f8764000000 ---p 00000000 00:00 0 
7f8764000000-7f8764021000 rw-p 00000000 00:00 0 
7f8764021000-7f8768000000 ---p 00000000 00:00 0 
7f8768000000-7f8768021000 rw-p 00000000 00:00 0 
7f8768021000-7f876c000000 ---p 00000000 00:00 0 
7f876c000000-7f876c4f0000 rw-p 00000000 00:00 0 
7f876c4f0000-7f876c510000 rw-p 00000000 00:00 0 
7f876c510000-7f876c530000 rw-p 00000000 00:00 0 
7f876c530000-7f876c570000 rw-p 00000000 00:00 0 
7f876c570000-7f876c6f0000 rw-p 00000000 00:00 0 
7f876c6f0000-7f876caf0000 rw-p 00000000 00:00 0 
7f876caf0000-7f876cb00000 ---p 00000000 00:00 0 
7f876cb00000-7f876cee0000 rw-p 00000000 00:00 0 
7f876cee0000-7f8770000000 ---p 00000000 00:00 0 
7f8770000000-7f8770021000 rw-p 00000000 00:00 0 
7f8770021000-7f8774000000 ---p 00000000 00:00 0 
7f8774000000-7f8774021000 rw-p 00000000 00:00 0 
7f8774021000-7f8778000000 ---p 00000000 00:00 0 
7f8778000000-7f8778021000 rw-p 00000000 00:00 0 
7f8778021000-7f877c000000 ---p 00000000 00:00 0 
7f877cddd000-7f877d237000 rw-p 00000000 00:00 0 
7f877d237000-7f877d23b000 ---p 00000000 00:00 0 
7f877d23b000-7f877d337000 rw-p 00000000 00:00 0 
7f877d337000-7f877d338000 ---p 00000000 00:00 0 
7f877d338000-7f877d438000 rw-p 00000000 00:00 0 
7f877d438000-7f877d439000 ---p 00000000 00:00 0 
7f877d439000-7f877d539000 rw-p 00000000 00:00 0 
7f877d539000-7f877d53a000 ---p 00000000 00:00 0 
7f877d53a000-7f877d63a000 rw-p 00000000 00:00 0 
7f877d63a000-7f877d63b000 ---p 00000000 00:00 0 
7f877d63b000-7f877d73b000 rw-p 00000000 00:00 0 
7f877d73b000-7f877d73c000 ---p 00000000 00:00 0 
7f877d73c000-7f877d83c000 rw-p 00000000 00:00 0 
7f877d83c000-7f877d83d000 ---p 00000000 00:00 0 
7f877d83d000-7f877d93d000 rw-p 00000000 00:00 0 
7f877d93d000-7f877d93e000 ---p 00000000 00:00 0 
7f877d93e000-7f877da3e000 rw-p 00000000 00:00 0 
7f877da3e000-7f877da3f000 ---p 00000000 00:00 0 
7f877da3f000-7f877db3f000 rw-p 00000000 00:00 0 
7f877db3f000-7f877db40000 ---p 00000000 00:00 0 
7f877db40000-7f877dc40000 rw-p 00000000 00:00 0 
7f877dc40000-7f877dc41000 ---p 00000000 00:00 0 
7f877dc41000-7f877dd41000 rw-p 00000000 00:00 0 
7f877dd41000-7f877dd42000 ---p 00000000 00:00 0 
7f877dd42000-7f877de42000 rw-p 00000000 00:00 0 
7f877de42000-7f877de46000 ---p 00000000 00:00 0 
7f877de46000-7f877df42000 rw-p 00000000 00:00 0 
7f877df42000-7f877df46000 ---p 00000000 00:00 0 
7f877df46000-7f877e042000 rw-p 00000000 00:00 0 
7f877e042000-7f877e046000 ---p 00000000 00:00 0 
7f877e046000-7f877e142000 rw-p 00000000 00:00 0 
7f877e142000-7f877e146000 ---p 00000000 00:00 0 
7f877e146000-7f877e242000 rw-p 00000000 00:00 0 
7f877e242000-7f877e246000 ---p 00000000 00:00 0 
7f877e246000-7f877e342000 rw-p 00000000 00:00 0 
7f877e342000-7f877e346000 ---p 00000000 00:00 0 
7f877e346000-7f877e442000 rw-p 00000000 00:00 0 
7f877e442000-7f877e446000 ---p 00000000 00:00 0 
7f877e446000-7f877e542000 rw-p 00000000 00:00 0 
7f877e542000-7f877e546000 ---p 00000000 00:00 0 
7f877e546000-7f877e642000 rw-p 00000000 00:00 0 
7f877e642000-7f877e647000 r--p 00000000 fc:00 23350748                   /home/aoli/repos/sfuzz/jdk/build/jdk/lib/libjsvml.so
7f877e647000-7f877e688000 r-xp 00005000 fc:00 23350748                   /home/aoli/repos/sfuzz/jdk/build/jdk/lib/libjsvml.so
7f877e688000-7f877e711000 r--p 00046000 fc:00 23350748                   /home/aoli/repos/sfuzz/jdk/build/jdk/lib/libjsvml.so
7f877e711000-7f877e712000 r--p 000ce000 fc:00 23350748                   /home/aoli/repos/sfuzz/jdk/build/jdk/lib/libjsvml.so
7f877e712000-7f877e713000 rw-p 000cf000 fc:00 23350748                   /home/aoli/repos/sfuzz/jdk/build/jdk/lib/libjsvml.so
7f877e713000-7f877e717000 ---p 00000000 00:00 0 
7f877e717000-7f877e813000 rw-p 00000000 00:00 0 
7f877e813000-7f877e817000 ---p 00000000 00:00 0 
7f877e817000-7f877e913000 rw-p 00000000 00:00 0 
7f877e913000-7f877e917000 ---p 00000000 00:00 0 
7f877e917000-7f877ea13000 rw-p 00000000 00:00 0 
7f877ea13000-7f877ea17000 ---p 00000000 00:00 0 
7f877ea17000-7f877eb13000 rw-p 00000000 00:00 0 
7f877eb13000-7f877eb17000 ---p 00000000 00:00 0 
7f877eb17000-7f877ec13000 rw-p 00000000 00:00 0 
7f877ec13000-7f877ec17000 ---p 00000000 00:00 0 
7f877ec17000-7f877ed13000 rw-p 00000000 00:00 0 
7f877ed13000-7f877ed17000 ---p 00000000 00:00 0 
7f877ed17000-7f877ee13000 rw-p 00000000 00:00 0 
7f877ee13000-7f877ee14000 ---p 00000000 00:00 0 
7f877ee14000-7f877ef14000 rw-p 00000000 00:00 0 
7f877ef14000-7f877ef15000 ---p 00000000 00:00 0 
7f877ef15000-7f877f0f1000 rw-p 00000000 00:00 0 
7f877f0f1000-7f877f0f2000 ---p 00000000 00:00 0 
7f877f0f2000-7f877f1f2000 rw-p 00000000 00:00 0 
7f877f1f2000-7f877f1f3000 ---p 00000000 00:00 0 
7f877f1f3000-7f8780000000 rw-p 00000000 00:00 0 
7f8780000000-7f8780021000 rw-p 00000000 00:00 0 
7f8780021000-7f8784000000 ---p 00000000 00:00 0 
7f8784000000-7f8784021000 rw-p 00000000 00:00 0 
7f8784021000-7f8788000000 ---p 00000000 00:00 0 
7f8788000000-7f8788021000 rw-p 00000000 00:00 0 
7f8788021000-7f878c000000 ---p 00000000 00:00 0 
7f878c04d000-7f878e08e000 rw-p 00000000 00:00 0 
7f878e08e000-7f878e08f000 ---p 00000000 00:00 0 
7f878e08f000-7f878e18f000 rw-p 00000000 00:00 0 
7f878e18f000-7f878e190000 ---p 00000000 00:00 0 
7f878e190000-7f878e290000 rw-p 00000000 00:00 0 
7f878e290000-7f878e291000 ---p 00000000 00:00 0 
7f878e291000-7f878eb61000 rw-p 00000000 00:00 0 
7f878eb61000-7f8795fe1000 ---p 00000000 00:00 0 
7f8795fe1000-7f87960db000 rw-p 00000000 00:00 0 
7f87960db000-7f8796f6b000 ---p 00000000 00:00 0 
7f8796f6b000-7f8797065000 rw-p 00000000 00:00 0 
7f8797065000-7f8797ef5000 ---p 00000000 00:00 0 
7f8797ef5000-7f8798a00000 rw-p 00000000 00:00 0 
7f8798a00000-7f8798c70000 rwxp 00000000 00:00 0 
7f8798c70000-7f879fe5f000 ---p 00000000 00:00 0 
7f879fe5f000-7f87a019f000 rwxp 00000000 00:00 0 
7f87a019f000-7f87a05a0000 ---p 00000000 00:00 0 
7f87a05a0000-7f87a0810000 rwxp 00000000 00:00 0 
7f87a0810000-7f87a7a00000 ---p 00000000 00:00 0 
7f87a7a00000-7f87affee000 r--s 00000000 fc:00 23350643                   /home/aoli/repos/sfuzz/jdk/build/jdk/lib/modules
7f87b0000000-7f87b08b3000 rw-p 00000000 00:00 0 
7f87b08b3000-7f87b4000000 ---p 00000000 00:00 0 
7f87b401c000-7f87b4020000 r--p 00000000 fc:00 23350695                   /home/aoli/repos/sfuzz/jdk/build/jdk/lib/libverify.so
7f87b4020000-7f87b4027000 r-xp 00004000 fc:00 23350695                   /home/aoli/repos/sfuzz/jdk/build/jdk/lib/libverify.so
7f87b4027000-7f87b4029000 r--p 0000b000 fc:00 23350695                   /home/aoli/repos/sfuzz/jdk/build/jdk/lib/libverify.so
7f87b4029000-7f87b402b000 r--p 0000c000 fc:00 23350695                   /home/aoli/repos/sfuzz/jdk/build/jdk/lib/libverify.so
7f87b402b000-7f87b402c000 rw-p 0000e000 fc:00 23350695                   /home/aoli/repos/sfuzz/jdk/build/jdk/lib/libverify.so
7f87b402c000-7f87b4233000 rw-p 00000000 00:00 0 
7f87b4233000-7f87b4317000 ---p 00000000 00:00 0 
7f87b4317000-7f87b431c000 rw-p 00000000 00:00 0 
7f87b431c000-7f87b4400000 ---p 00000000 00:00 0 
7f87b4400000-7f87b449a000 r--p 00000000 fc:00 57674617                   /usr/lib/x86_64-linux-gnu/libstdc++.so.6.0.30
7f87b449a000-7f87b45ab000 r-xp 0009a000 fc:00 57674617                   /usr/lib/x86_64-linux-gnu/libstdc++.so.6.0.30
7f87b45ab000-7f87b461a000 r--p 001ab000 fc:00 57674617                   /usr/lib/x86_64-linux-gnu/libstdc++.so.6.0.30
7f87b461a000-7f87b461b000 ---p 0021a000 fc:00 57674617                   /usr/lib/x86_64-linux-gnu/libstdc++.so.6.0.30
7f87b461b000-7f87b4626000 r--p 0021a000 fc:00 57674617                   /usr/lib/x86_64-linux-gnu/libstdc++.so.6.0.30
7f87b4626000-7f87b4629000 rw-p 00225000 fc:00 57674617                   /usr/lib/x86_64-linux-gnu/libstdc++.so.6.0.30
7f87b4629000-7f87b462c000 rw-p 00000000 00:00 0 
7f87b4632000-7f87b4633000 r--p 00000000 fc:00 23350779                   /home/aoli/repos/sfuzz/jdk/build/jdk/lib/libdt_socket.so
7f87b4633000-7f87b4636000 r-xp 00001000 fc:00 23350779                   /home/aoli/repos/sfuzz/jdk/build/jdk/lib/libdt_socket.so
7f87b4636000-7f87b4637000 r--p 00004000 fc:00 23350779                   /home/aoli/repos/sfuzz/jdk/build/jdk/lib/libdt_socket.so
7f87b4637000-7f87b4638000 ---p 00005000 fc:00 23350779                   /home/aoli/repos/sfuzz/jdk/build/jdk/lib/libdt_socket.so
7f87b4638000-7f87b4639000 r--p 00005000 fc:00 23350779                   /home/aoli/repos/sfuzz/jdk/build/jdk/lib/libdt_socket.so
7f87b4639000-7f87b463a000 rw-p 00006000 fc:00 23350779                   /home/aoli/repos/sfuzz/jdk/build/jdk/lib/libdt_socket.so
7f87b463a000-7f87b4641000 r--s 00000000 fc:00 58331601                   /usr/lib/x86_64-linux-gnu/gconv/gconv-modules.cache
7f87b4641000-7f87b4700000 rw-p 00000000 00:00 0 
7f87b4700000-7f87b4704000 ---p 00000000 00:00 0 
7f87b4704000-7f87b4800000 rw-p 00000000 00:00 0 
7f87b4800000-7f87b4a96000 r--p 00000000 fc:00 23350702                   /home/aoli/repos/sfuzz/jdk/build/jdk/lib/server/libjvm.so
7f87b4a96000-7f87b58f1000 r-xp 00296000 fc:00 23350702                   /home/aoli/repos/sfuzz/jdk/build/jdk/lib/server/libjvm.so
7f87b58f1000-7f87b5bc2000 r--p 010f1000 fc:00 23350702                   /home/aoli/repos/sfuzz/jdk/build/jdk/lib/server/libjvm.so
7f87b5bc2000-7f87b5bc3000 ---p 013c2000 fc:00 23350702                   /home/aoli/repos/sfuzz/jdk/build/jdk/lib/server/libjvm.so
7f87b5bc3000-7f87b5c92000 r--p 013c2000 fc:00 23350702                   /home/aoli/repos/sfuzz/jdk/build/jdk/lib/server/libjvm.so
7f87b5c92000-7f87b5cc2000 rw-p 01491000 fc:00 23350702                   /home/aoli/repos/sfuzz/jdk/build/jdk/lib/server/libjvm.so
7f87b5cc2000-7f87b5d27000 rw-p 00000000 00:00 0 
7f87b5d27000-7f87b5d2e000 r--p 00000000 fc:00 23350692                   /home/aoli/repos/sfuzz/jdk/build/jdk/lib/libnio.so
7f87b5d2e000-7f87b5d37000 r-xp 00007000 fc:00 23350692                   /home/aoli/repos/sfuzz/jdk/build/jdk/lib/libnio.so
7f87b5d37000-7f87b5d3b000 r--p 00010000 fc:00 23350692                   /home/aoli/repos/sfuzz/jdk/build/jdk/lib/libnio.so
7f87b5d3b000-7f87b5d3c000 ---p 00014000 fc:00 23350692                   /home/aoli/repos/sfuzz/jdk/build/jdk/lib/libnio.so
7f87b5d3c000-7f87b5d3d000 r--p 00014000 fc:00 23350692                   /home/aoli/repos/sfuzz/jdk/build/jdk/lib/libnio.so
7f87b5d3d000-7f87b5d3e000 rw-p 00015000 fc:00 23350692                   /home/aoli/repos/sfuzz/jdk/build/jdk/lib/libnio.so
7f87b5d3e000-7f87b5dbc000 rw-p 00000000 00:00 0 
7f87b5dbc000-7f87b5dbf000 r--p 00000000 fc:00 23350780                   /home/aoli/repos/sfuzz/jdk/build/jdk/lib/libjdwp.so
7f87b5dbf000-7f87b5dee000 r-xp 00003000 fc:00 23350780                   /home/aoli/repos/sfuzz/jdk/build/jdk/lib/libjdwp.so
7f87b5dee000-7f87b5dfd000 r--p 00032000 fc:00 23350780                   /home/aoli/repos/sfuzz/jdk/build/jdk/lib/libjdwp.so
7f87b5dfd000-7f87b5dfe000 r--p 00040000 fc:00 23350780                   /home/aoli/repos/sfuzz/jdk/build/jdk/lib/libjdwp.so
7f87b5dfe000-7f87b5dff000 rw-p 00041000 fc:00 23350780                   /home/aoli/repos/sfuzz/jdk/build/jdk/lib/libjdwp.so
7f87b5dff000-7f87b5e00000 rw-p 00000000 00:00 0 
7f87b5e00000-7f87b5e28000 r--p 00000000 fc:00 57673773                   /usr/lib/x86_64-linux-gnu/libc.so.6
7f87b5e28000-7f87b5fbd000 r-xp 00028000 fc:00 57673773                   /usr/lib/x86_64-linux-gnu/libc.so.6
7f87b5fbd000-7f87b6015000 r--p 001bd000 fc:00 57673773                   /usr/lib/x86_64-linux-gnu/libc.so.6
7f87b6015000-7f87b6016000 ---p 00215000 fc:00 57673773                   /usr/lib/x86_64-linux-gnu/libc.so.6
7f87b6016000-7f87b601a000 r--p 00215000 fc:00 57673773                   /usr/lib/x86_64-linux-gnu/libc.so.6
7f87b601a000-7f87b601c000 rw-p 00219000 fc:00 57673773                   /usr/lib/x86_64-linux-gnu/libc.so.6
7f87b601c000-7f87b6029000 rw-p 00000000 00:00 0 
7f87b602b000-7f87b602e000 r--p 00000000 fc:00 23350691                   /home/aoli/repos/sfuzz/jdk/build/jdk/lib/libnet.so
7f87b602e000-7f87b6035000 r-xp 00003000 fc:00 23350691                   /home/aoli/repos/sfuzz/jdk/build/jdk/lib/libnet.so
7f87b6035000-7f87b6037000 r--p 0000a000 fc:00 23350691                   /home/aoli/repos/sfuzz/jdk/build/jdk/lib/libnet.so
7f87b6037000-7f87b6038000 r--p 0000b000 fc:00 23350691                   /home/aoli/repos/sfuzz/jdk/build/jdk/lib/libnet.so
7f87b6038000-7f87b6039000 rw-p 0000c000 fc:00 23350691                   /home/aoli/repos/sfuzz/jdk/build/jdk/lib/libnet.so
7f87b6039000-7f87b603b000 r--p 00000000 fc:00 23350696                   /home/aoli/repos/sfuzz/jdk/build/jdk/lib/libzip.so
7f87b603b000-7f87b6040000 r-xp 00002000 fc:00 23350696                   /home/aoli/repos/sfuzz/jdk/build/jdk/lib/libzip.so
7f87b6040000-7f87b6042000 r--p 00007000 fc:00 23350696                   /home/aoli/repos/sfuzz/jdk/build/jdk/lib/libzip.so
7f87b6042000-7f87b6043000 r--p 00008000 fc:00 23350696                   /home/aoli/repos/sfuzz/jdk/build/jdk/lib/libzip.so
7f87b6043000-7f87b6044000 rw-p 00009000 fc:00 23350696                   /home/aoli/repos/sfuzz/jdk/build/jdk/lib/libzip.so
7f87b6044000-7f87b604b000 rw-p 00000000 00:00 0 
7f87b604b000-7f87b6053000 ---p 00000000 00:00 0 
7f87b6053000-7f87b6060000 r--p 00000000 fc:00 23350686                   /home/aoli/repos/sfuzz/jdk/build/jdk/lib/libjava.so
7f87b6060000-7f87b606e000 r-xp 0000d000 fc:00 23350686                   /home/aoli/repos/sfuzz/jdk/build/jdk/lib/libjava.so
7f87b606e000-7f87b6073000 r--p 0001b000 fc:00 23350686                   /home/aoli/repos/sfuzz/jdk/build/jdk/lib/libjava.so
7f87b6073000-7f87b6074000 ---p 00020000 fc:00 23350686                   /home/aoli/repos/sfuzz/jdk/build/jdk/lib/libjava.so
7f87b6074000-7f87b6075000 r--p 00020000 fc:00 23350686                   /home/aoli/repos/sfuzz/jdk/build/jdk/lib/libjava.so
7f87b6075000-7f87b6076000 rw-p 00021000 fc:00 23350686                   /home/aoli/repos/sfuzz/jdk/build/jdk/lib/libjava.so
7f87b6076000-7f87b6077000 rw-p 00000000 00:00 0 
7f87b6077000-7f87b6079000 r--p 00000000 fc:00 23350723                   /home/aoli/repos/sfuzz/jdk/build/jdk/lib/libinstrument.so
7f87b6079000-7f87b607f000 r-xp 00002000 fc:00 23350723                   /home/aoli/repos/sfuzz/jdk/build/jdk/lib/libinstrument.so
7f87b607f000-7f87b6082000 r--p 00008000 fc:00 23350723                   /home/aoli/repos/sfuzz/jdk/build/jdk/lib/libinstrument.so
7f87b6082000-7f87b6083000 r--p 0000a000 fc:00 23350723                   /home/aoli/repos/sfuzz/jdk/build/jdk/lib/libinstrument.so
7f87b6083000-7f87b6084000 rw-p 0000b000 fc:00 23350723                   /home/aoli/repos/sfuzz/jdk/build/jdk/lib/libinstrument.so
7f87b6084000-7f87b6087000 r--p 00000000 fc:00 57672277                   /usr/lib/x86_64-linux-gnu/libgcc_s.so.1
7f87b6087000-7f87b609e000 r-xp 00003000 fc:00 57672277                   /usr/lib/x86_64-linux-gnu/libgcc_s.so.1
7f87b609e000-7f87b60a2000 r--p 0001a000 fc:00 57672277                   /usr/lib/x86_64-linux-gnu/libgcc_s.so.1
7f87b60a2000-7f87b60a3000 r--p 0001d000 fc:00 57672277                   /usr/lib/x86_64-linux-gnu/libgcc_s.so.1
7f87b60a3000-7f87b60a4000 rw-p 0001e000 fc:00 57672277                   /usr/lib/x86_64-linux-gnu/libgcc_s.so.1
7f87b60a4000-7f87b60b2000 r--p 00000000 fc:00 57679471                   /usr/lib/x86_64-linux-gnu/libm.so.6
7f87b60b2000-7f87b612e000 r-xp 0000e000 fc:00 57679471                   /usr/lib/x86_64-linux-gnu/libm.so.6
7f87b612e000-7f87b6189000 r--p 0008a000 fc:00 57679471                   /usr/lib/x86_64-linux-gnu/libm.so.6
7f87b6189000-7f87b618a000 r--p 000e4000 fc:00 57679471                   /usr/lib/x86_64-linux-gnu/libm.so.6
7f87b618a000-7f87b618b000 rw-p 000e5000 fc:00 57679471                   /usr/lib/x86_64-linux-gnu/libm.so.6
7f87b618b000-7f87b618d000 rw-p 00000000 00:00 0 
7f87b618d000-7f87b618f000 r--p 00000000 fc:00 23350689                   /home/aoli/repos/sfuzz/jdk/build/jdk/lib/libjli.so
7f87b618f000-7f87b6199000 r-xp 00002000 fc:00 23350689                   /home/aoli/repos/sfuzz/jdk/build/jdk/lib/libjli.so
7f87b6199000-7f87b619c000 r--p 0000c000 fc:00 23350689                   /home/aoli/repos/sfuzz/jdk/build/jdk/lib/libjli.so
7f87b619c000-7f87b619d000 ---p 0000f000 fc:00 23350689                   /home/aoli/repos/sfuzz/jdk/build/jdk/lib/libjli.so
7f87b619d000-7f87b619e000 r--p 0000f000 fc:00 23350689                   /home/aoli/repos/sfuzz/jdk/build/jdk/lib/libjli.so
7f87b619e000-7f87b619f000 rw-p 00010000 fc:00 23350689                   /home/aoli/repos/sfuzz/jdk/build/jdk/lib/libjli.so
7f87b619f000-7f87b61a1000 r--p 00000000 fc:00 57671870                   /usr/lib/x86_64-linux-gnu/libz.so.1.2.11
7f87b61a1000-7f87b61b2000 r-xp 00002000 fc:00 57671870                   /usr/lib/x86_64-linux-gnu/libz.so.1.2.11
7f87b61b2000-7f87b61b8000 r--p 00013000 fc:00 57671870                   /usr/lib/x86_64-linux-gnu/libz.so.1.2.11
7f87b61b8000-7f87b61b9000 ---p 00019000 fc:00 57671870                   /usr/lib/x86_64-linux-gnu/libz.so.1.2.11
7f87b61b9000-7f87b61ba000 r--p 00019000 fc:00 57671870                   /usr/lib/x86_64-linux-gnu/libz.so.1.2.11
7f87b61ba000-7f87b61bb000 rw-p 0001a000 fc:00 57671870                   /usr/lib/x86_64-linux-gnu/libz.so.1.2.11
7f87b61bd000-7f87b61c5000 rw-s 00000000 fc:00 41216958                   /tmp/hsperfdata_aoli/1205159
7f87b61c5000-7f87b61c6000 r--p 00000000 fc:00 23345184                   /home/aoli/repos/sfuzz/jvmti/build/cmake/native_release/linux-amd64/cpp/libjvmti.so
7f87b61c6000-7f87b61c7000 r-xp 00001000 fc:00 23345184                   /home/aoli/repos/sfuzz/jvmti/build/cmake/native_release/linux-amd64/cpp/libjvmti.so
7f87b61c7000-7f87b61c8000 r--p 00002000 fc:00 23345184                   /home/aoli/repos/sfuzz/jvmti/build/cmake/native_release/linux-amd64/cpp/libjvmti.so
7f87b61c8000-7f87b61c9000 r--p 00002000 fc:00 23345184                   /home/aoli/repos/sfuzz/jvmti/build/cmake/native_release/linux-amd64/cpp/libjvmti.so
7f87b61c9000-7f87b61ca000 rw-p 00003000 fc:00 23345184                   /home/aoli/repos/sfuzz/jvmti/build/cmake/native_release/linux-amd64/cpp/libjvmti.so
7f87b61ca000-7f87b61cb000 ---p 00000000 00:00 0 
7f87b61cb000-7f87b61cc000 r--p 00000000 00:00 0 
7f87b61cc000-7f87b61ce000 r--p 00000000 fc:00 23350688                   /home/aoli/repos/sfuzz/jdk/build/jdk/lib/libjimage.so
7f87b61ce000-7f87b61d1000 r-xp 00002000 fc:00 23350688                   /home/aoli/repos/sfuzz/jdk/build/jdk/lib/libjimage.so
7f87b61d1000-7f87b61d2000 r--p 00005000 fc:00 23350688                   /home/aoli/repos/sfuzz/jdk/build/jdk/lib/libjimage.so
7f87b61d2000-7f87b61d3000 ---p 00006000 fc:00 23350688                   /home/aoli/repos/sfuzz/jdk/build/jdk/lib/libjimage.so
7f87b61d3000-7f87b61d4000 r--p 00006000 fc:00 23350688                   /home/aoli/repos/sfuzz/jdk/build/jdk/lib/libjimage.so
7f87b61d4000-7f87b61d5000 rw-p 00007000 fc:00 23350688                   /home/aoli/repos/sfuzz/jdk/build/jdk/lib/libjimage.so
7f87b61d5000-7f87b61d7000 rw-p 00000000 00:00 0 
7f87b61d7000-7f87b61d9000 r--p 00000000 fc:00 57673763                   /usr/lib/x86_64-linux-gnu/ld-linux-x86-64.so.2
7f87b61d9000-7f87b6203000 r-xp 00002000 fc:00 57673763                   /usr/lib/x86_64-linux-gnu/ld-linux-x86-64.so.2
7f87b6203000-7f87b620e000 r--p 0002c000 fc:00 57673763                   /usr/lib/x86_64-linux-gnu/ld-linux-x86-64.so.2
7f87b620e000-7f87b620f000 rwxp 00000000 00:00 0 
7f87b620f000-7f87b6211000 r--p 00037000 fc:00 57673763                   /usr/lib/x86_64-linux-gnu/ld-linux-x86-64.so.2
7f87b6211000-7f87b6213000 rw-p 00039000 fc:00 57673763                   /usr/lib/x86_64-linux-gnu/ld-linux-x86-64.so.2
7ffe75cbf000-7ffe75ce0000 rw-p 00000000 00:00 0                          [stack]
7ffe75ce3000-7ffe75ce7000 r--p 00000000 00:00 0                          [vvar]
7ffe75ce7000-7ffe75ce9000 r-xp 00000000 00:00 0                          [vdso]
ffffffffff600000-ffffffffff601000 --xp 00000000 00:00 0                  [vsyscall]
Total number of mappings: 305


VM Arguments:
jvm_args: -agentpath:/home/aoli/repos/sfuzz/jvmti/build/cmake/native_release/linux-amd64/cpp/libjvmti.so -javaagent:/home/aoli/repos/sfuzz/core/build/libs/core-1.0-SNAPSHOT.jar -agentlib:jdwp=transport=dt_socket,server=n,suspend=y,address=127.0.0.1:43111 -Dfile.encoding=US-ASCII -Duser.country=US -Duser.language=en -Duser.variant 
java_command: example.Main
java_class_path (initial): /home/aoli/repos/sfuzz/examples/build/libs/examples-1.0-SNAPSHOT.jar
Launcher Type: SUN_STANDARD

[Global flags]
     intx CICompilerCount                          = 12                                        {product} {ergonomic}
     uint ConcGCThreads                            = 3                                         {product} {ergonomic}
     uint G1ConcRefinementThreads                  = 13                                        {product} {ergonomic}
   size_t G1HeapRegionSize                         = 4194304                                   {product} {ergonomic}
    uintx GCDrainStackTargetSize                   = 64                                        {product} {ergonomic}
   size_t InitialHeapSize                          = 524288000                                 {product} {ergonomic}
   size_t MarkStackSize                            = 4194304                                   {product} {ergonomic}
   size_t MaxHeapSize                              = 8342470656                                {product} {ergonomic}
   size_t MaxNewSize                               = 5003804672                                {product} {ergonomic}
   size_t MinHeapDeltaBytes                        = 4194304                                   {product} {ergonomic}
   size_t MinHeapSize                              = 8388608                                   {product} {ergonomic}
    uintx NonNMethodCodeHeapSize                   = 7602480                                {pd product} {ergonomic}
    uintx NonProfiledCodeHeapSize                  = 122027880                              {pd product} {ergonomic}
    uintx ProfiledCodeHeapSize                     = 122027880                              {pd product} {ergonomic}
    uintx ReservedCodeCacheSize                    = 251658240                              {pd product} {ergonomic}
     bool SegmentedCodeCache                       = true                                      {product} {ergonomic}
   size_t SoftMaxHeapSize                          = 8342470656                             {manageable} {ergonomic}
     bool UseCompressedOops                        = true                           {product lp64_product} {ergonomic}
     bool UseG1GC                                  = true                                      {product} {ergonomic}

Logging:
Log output configuration:
 #0: stdout all=warning uptime,level,tags foldmultilines=false
 #1: stderr all=off uptime,level,tags foldmultilines=false

Environment Variables:
PATH=/home/aoli/.cargo/bin:/home/aoli/.local/bin:/usr/local/sbin:/usr/local/bin:/usr/sbin:/usr/bin:/sbin:/bin:/usr/games:/snap/bin:/home/aoli/.dotnet/tools:/home/aoli/.local/share/JetBrains/Toolbox/scripts
SHELL=/bin/bash
TERM=vt100

Active Locale:
LC_ALL=C
LC_COLLATE=C
LC_CTYPE=C
LC_MESSAGES=C
LC_MONETARY=C
LC_NUMERIC=C
LC_TIME=C

Signal Handlers:
   SIGSEGV: crash_handler in libjvm.so, mask=11100100010111111101111111111110, flags=SA_RESTART|SA_SIGINFO, unblocked
    SIGBUS: crash_handler in libjvm.so, mask=11100100010111111101111111111110, flags=SA_RESTART|SA_SIGINFO, unblocked
    SIGFPE: crash_handler in libjvm.so, mask=11100100010111111101111111111110, flags=SA_RESTART|SA_SIGINFO, unblocked
   SIGPIPE: javaSignalHandler in libjvm.so, mask=11100100010111111101111111111110, flags=SA_RESTART|SA_SIGINFO, unblocked
   SIGXFSZ: javaSignalHandler in libjvm.so, mask=11100100010111111101111111111110, flags=SA_RESTART|SA_SIGINFO, unblocked
    SIGILL: crash_handler in libjvm.so, mask=11100100010111111101111111111110, flags=SA_RESTART|SA_SIGINFO, unblocked
   SIGUSR2: SR_handler in libjvm.so, mask=00000000000000000000000000000000, flags=SA_RESTART|SA_SIGINFO, unblocked
    SIGHUP: UserHandler in libjvm.so, mask=11100100010111111101111111111110, flags=SA_RESTART|SA_SIGINFO, unblocked
    SIGINT: UserHandler in libjvm.so, mask=11100100010111111101111111111110, flags=SA_RESTART|SA_SIGINFO, unblocked
   SIGTERM: UserHandler in libjvm.so, mask=11100100010111111101111111111110, flags=SA_RESTART|SA_SIGINFO, unblocked
   SIGQUIT: UserHandler in libjvm.so, mask=11100100010111111101111111111110, flags=SA_RESTART|SA_SIGINFO, unblocked
   SIGTRAP: crash_handler in libjvm.so, mask=11100100010111111101111111111110, flags=SA_RESTART|SA_SIGINFO, unblocked


Periodic native trim disabled

---------------  S Y S T E M  ---------------

OS:
DISTRIB_ID=Ubuntu
DISTRIB_RELEASE=22.04
DISTRIB_CODENAME=jammy
DISTRIB_DESCRIPTION="Ubuntu 22.04.4 LTS"
uname: Linux 6.5.0-18-generic #18~22.04.1-Ubuntu SMP PREEMPT_DYNAMIC Wed Feb  7 11:40:03 UTC 2 x86_64
OS uptime: 1 days 1:11 hours
libc: glibc 2.35 NPTL 2.35 
rlimit (soft/hard): STACK 8192k/infinity , CORE 0k/infinity , NPROC 126806/126806 , NOFILE 524288/524288 , AS infinity/infinity , CPU infinity/infinity , DATA infinity/infinity , FSIZE infinity/infinity , MEMLOCK 8192k/8192k
load average: 1.58 1.08 0.78

/proc/meminfo:
MemTotal:       32575548 kB
MemFree:          507180 kB
MemAvailable:    9996672 kB
Buffers:          128256 kB
Cached:          5658228 kB
SwapCached:       276468 kB
Active:         17205980 kB
Inactive:        9184396 kB
Active(anon):   14875408 kB
Inactive(anon):  5839256 kB
Active(file):    2330572 kB
Inactive(file):  3345140 kB
Unevictable:        1564 kB
Mlocked:             160 kB
SwapTotal:      35553272 kB
SwapFree:       31789216 kB
Zswap:                 0 kB
Zswapped:              0 kB
Dirty:            449912 kB
Writeback:             0 kB
AnonPages:      20559184 kB
Mapped:          3047468 kB
Shmem:            110344 kB
KReclaimable:    4283016 kB
Slab:            5026308 kB
SReclaimable:    4283016 kB
SUnreclaim:       743292 kB
KernelStack:       50112 kB
PageTables:       119336 kB
SecPageTables:         0 kB
NFS_Unstable:          0 kB
Bounce:                0 kB
WritebackTmp:          0 kB
CommitLimit:    51841044 kB
Committed_AS:   36300184 kB
VmallocTotal:   34359738367 kB
VmallocUsed:      165796 kB
VmallocChunk:          0 kB
Percpu:            17920 kB
HardwareCorrupted:     0 kB
AnonHugePages:         0 kB
ShmemHugePages:        0 kB
ShmemPmdMapped:        0 kB
FileHugePages:         0 kB
FilePmdMapped:         0 kB
Unaccepted:            0 kB
HugePages_Total:       0
HugePages_Free:        0
HugePages_Rsvd:        0
HugePages_Surp:        0
Hugepagesize:       2048 kB
Hugetlb:               0 kB
DirectMap4k:     2035148 kB
DirectMap2M:    30189568 kB
DirectMap1G:     2097152 kB

/sys/kernel/mm/transparent_hugepage/enabled: always [madvise] never
/sys/kernel/mm/transparent_hugepage/defrag (defrag/compaction efforts parameter): always defer defer+madvise [madvise] never

Process Memory:
Virtual Size: 12230800K (peak: 12230800K)
Resident Set Size: 89548K (peak: 89548K) (anon: 71800K, file: 17748K, shmem: 0K)
Swapped out: 0K
C-Heap outstanding allocations: 48269K, retained: 4846K
glibc malloc tunables: (default)

/proc/sys/kernel/threads-max (system-wide limit on the number of threads): 253612
/proc/sys/vm/max_map_count (maximum number of memory map areas a process may have): 65530
/proc/sys/kernel/pid_max (system-wide limit on number of process identifiers): 4194304

container (cgroup) information:
container_type: cgroupv2
cpu_cpuset_cpus: not supported
cpu_memory_nodes: not supported
active_processor_count: 16
cpu_quota: no quota
cpu_period: 100000
cpu_shares: no shares
memory_limit_in_bytes: unlimited
memory_and_swap_limit_in_bytes: unlimited
memory_soft_limit_in_bytes: unlimited
memory_usage_in_bytes: 12654376 k
memory_max_usage_in_bytes: not supported
memory_swap_current_in_bytes: 3062032 k
memory_swap_max_limit_in_bytes: unlimited
maximum number of tasks: 38041
current number of tasks: 1509

Steal ticks since vm start: 0
Steal ticks percentage since vm start:  0.000

CPU: total 16 (initial active 16) (8 cores per cpu, 2 threads per core) family 6 model 167 stepping 1 microcode 0x5d, cx8, cmov, fxsr, ht, mmx, 3dnowpref, sse, sse2, sse3, ssse3, sse4.1, sse4.2, popcnt, lzcnt, tsc, tscinvbit, avx, avx2, aes, erms, clmul, bmi1, bmi2, adx, avx512f, avx512dq, avx512cd, avx512bw, avx512vl, sha, fma, vzeroupper, avx512_vpopcntdq, avx512_vpclmulqdq, avx512_vaes, avx512_vnni, clflush, clflushopt, avx512_vbmi2, avx512_vbmi, rdtscp, rdpid, fsrm, gfni, avx512_bitalg, f16c, pku, ospke, avx512_ifma
CPU Model and flags from /proc/cpuinfo:
model name	: 11th Gen Intel(R) Core(TM) i9-11900 @ 2.50GHz
flags		: fpu vme de pse tsc msr pae mce cx8 apic sep mtrr pge mca cmov pat pse36 clflush dts acpi mmx fxsr sse sse2 ss ht tm pbe syscall nx pdpe1gb rdtscp lm constant_tsc art arch_perfmon pebs bts rep_good nopl xtopology nonstop_tsc cpuid aperfmperf tsc_known_freq pni pclmulqdq dtes64 monitor ds_cpl vmx smx est tm2 ssse3 sdbg fma cx16 xtpr pdcm pcid sse4_1 sse4_2 x2apic movbe popcnt tsc_deadline_timer aes xsave avx f16c rdrand lahf_lm abm 3dnowprefetch cpuid_fault epb invpcid_single ssbd ibrs ibpb stibp ibrs_enhanced tpr_shadow flexpriority ept vpid ept_ad fsgsbase tsc_adjust bmi1 avx2 smep bmi2 erms invpcid mpx avx512f avx512dq rdseed adx smap avx512ifma clflushopt intel_pt avx512cd sha_ni avx512bw avx512vl xsaveopt xsavec xgetbv1 xsaves dtherm ida arat pln pts hwp hwp_notify hwp_act_window hwp_epp hwp_pkg_req vnmi avx512vbmi umip pku ospke avx512_vbmi2 gfni vaes vpclmulqdq avx512_vnni avx512_bitalg avx512_vpopcntdq rdpid fsrm md_clear flush_l1d arch_capabilities

Online cpus: 0-15
Offline cpus: 
BIOS frequency limitation: <Not Available>
Frequency switch latency (ns): 0
Available cpu frequencies: <Not Available>
Current governor: powersave
Core performance/turbo boost: <Not Available>

Memory: 4k page, physical 32575548k(9996672k free), swap 35553272k(31789216k free)
Page Sizes: 4k

vm_info: OpenJDK 64-Bit Server VM (21.0.1+12-Ubuntu-222.04) for linux-amd64 JRE (21.0.1+12-Ubuntu-222.04), built on 2023-11-06T14:11:20Z by "buildd" with gcc 12.3.0

END.
